This file contains any messages produced by compilers while
running configure, to aid debugging if configure makes a mistake.

It was created by snort configure 2.9.20, which was
generated by GNU Autoconf 2.71.  Invocation command line was

  $ ./configure --enable-sourcefire --no-create --no-recursion

## --------- ##
## Platform. ##
## --------- ##

hostname = zxcv
uname -m = x86_64
uname -r = 5.15.0-52-generic
uname -s = Linux
uname -v = #58-Ubuntu SMP Thu Oct 13 08:03:55 UTC 2022

/usr/bin/uname -p = x86_64
/bin/uname -X     = unknown

/bin/arch              = x86_64
/usr/bin/arch -k       = unknown
/usr/convex/getsysinfo = unknown
/usr/bin/hostinfo      = unknown
/bin/machine           = unknown
/usr/bin/oslevel       = unknown
/bin/universe          = unknown

PATH: /home/zxcv/Anaconda/ENTER/bin/
PATH: /home/zxcv/Anaconda/ENTER/condabin/
PATH: /usr/local/sbin/
PATH: /usr/local/bin/
PATH: /usr/sbin/
PATH: /usr/bin/
PATH: /sbin/
PATH: /bin/
PATH: /usr/games/
PATH: /usr/local/games/
PATH: /snap/bin/
PATH: /snap/bin/


## ----------- ##
## Core tests. ##
## ----------- ##

configure:2959: looking for aux files: config.guess config.sub ltmain.sh compile missing install-sh
configure:2972:  trying ./
configure:3001:   ./config.guess found
configure:3001:   ./config.sub found
configure:3001:   ./ltmain.sh found
configure:3001:   ./compile found
configure:3001:   ./missing found
configure:2983:   ./install-sh found
configure:3136: checking for a BSD-compatible install
configure:3209: result: /usr/bin/install -c
configure:3220: checking whether build environment is sane
configure:3275: result: yes
configure:3434: checking for a race-free mkdir -p
configure:3478: result: /usr/bin/mkdir -p
configure:3485: checking for gawk
configure:3520: result: no
configure:3485: checking for mawk
configure:3506: found /usr/bin/mawk
configure:3517: result: mawk
configure:3528: checking whether make sets $(MAKE)
configure:3551: result: yes
configure:3581: checking whether make supports nested variables
configure:3599: result: yes
configure:3752: checking whether make supports the include directive
configure:3767: make -f confmf.GNU && cat confinc.out
make[1]: Entering directory '/home/zxcv/gnort_2.9.20/gnort_src/snort-2.9.20'
make[1]: Leaving directory '/home/zxcv/gnort_2.9.20/gnort_src/snort-2.9.20'
this is the am__doit target
configure:3770: $? = 0
configure:3789: result: yes (GNU style)
configure:3865: checking for gcc
configure:3886: found /usr/bin/gcc
configure:3897: result: gcc
configure:4250: checking for C compiler version
configure:4259: gcc --version >&5
gcc (Ubuntu 11.3.0-1ubuntu1~22.04) 11.3.0
Copyright (C) 2021 Free Software Foundation, Inc.
This is free software; see the source for copying conditions.  There is NO
warranty; not even for MERCHANTABILITY or FITNESS FOR A PARTICULAR PURPOSE.

configure:4270: $? = 0
configure:4259: gcc -v >&5
Using built-in specs.
COLLECT_GCC=gcc
COLLECT_LTO_WRAPPER=/usr/lib/gcc/x86_64-linux-gnu/11/lto-wrapper
OFFLOAD_TARGET_NAMES=nvptx-none:amdgcn-amdhsa
OFFLOAD_TARGET_DEFAULT=1
Target: x86_64-linux-gnu
Configured with: ../src/configure -v --with-pkgversion='Ubuntu 11.3.0-1ubuntu1~22.04' --with-bugurl=file:///usr/share/doc/gcc-11/README.Bugs --enable-languages=c,ada,c++,go,brig,d,fortran,objc,obj-c++,m2 --prefix=/usr --with-gcc-major-version-only --program-suffix=-11 --program-prefix=x86_64-linux-gnu- --enable-shared --enable-linker-build-id --libexecdir=/usr/lib --without-included-gettext --enable-threads=posix --libdir=/usr/lib --enable-nls --enable-bootstrap --enable-clocale=gnu --enable-libstdcxx-debug --enable-libstdcxx-time=yes --with-default-libstdcxx-abi=new --enable-gnu-unique-object --disable-vtable-verify --enable-plugin --enable-default-pie --with-system-zlib --enable-libphobos-checking=release --with-target-system-zlib=auto --enable-objc-gc=auto --enable-multiarch --disable-werror --enable-cet --with-arch-32=i686 --with-abi=m64 --with-multilib-list=m32,m64,mx32 --enable-multilib --with-tune=generic --enable-offload-targets=nvptx-none=/build/gcc-11-xKiWfi/gcc-11-11.3.0/debian/tmp-nvptx/usr,amdgcn-amdhsa=/build/gcc-11-xKiWfi/gcc-11-11.3.0/debian/tmp-gcn/usr --without-cuda-driver --enable-checking=release --build=x86_64-linux-gnu --host=x86_64-linux-gnu --target=x86_64-linux-gnu --with-build-config=bootstrap-lto-lean --enable-link-serialization=2
Thread model: posix
Supported LTO compression algorithms: zlib zstd
gcc version 11.3.0 (Ubuntu 11.3.0-1ubuntu1~22.04) 
... rest of stderr output deleted ...
configure:4270: $? = 0
configure:4259: gcc -V >&5
gcc: error: unrecognized command-line option '-V'
gcc: fatal error: no input files
compilation terminated.
configure:4270: $? = 1
configure:4259: gcc -qversion >&5
gcc: error: unrecognized command-line option '-qversion'; did you mean '--version'?
gcc: fatal error: no input files
compilation terminated.
configure:4270: $? = 1
configure:4259: gcc -version >&5
gcc: error: unrecognized command-line option '-version'
gcc: fatal error: no input files
compilation terminated.
configure:4270: $? = 1
configure:4290: checking whether the C compiler works
configure:4312: gcc    conftest.c  >&5
configure:4316: $? = 0
configure:4366: result: yes
configure:4369: checking for C compiler default output file name
configure:4371: result: a.out
configure:4377: checking for suffix of executables
configure:4384: gcc -o conftest    conftest.c  >&5
configure:4388: $? = 0
configure:4411: result: 
configure:4433: checking whether we are cross compiling
configure:4441: gcc -o conftest    conftest.c  >&5
configure:4445: $? = 0
configure:4452: ./conftest
configure:4456: $? = 0
configure:4471: result: no
configure:4476: checking for suffix of object files
configure:4499: gcc -c   conftest.c >&5
configure:4503: $? = 0
configure:4525: result: o
configure:4529: checking whether the compiler supports GNU C
configure:4549: gcc -c   conftest.c >&5
configure:4549: $? = 0
configure:4559: result: yes
configure:4570: checking whether gcc accepts -g
configure:4591: gcc -c -g  conftest.c >&5
configure:4591: $? = 0
configure:4635: result: yes
configure:4655: checking for gcc option to enable C11 features
configure:4670: gcc  -c -g -O2  conftest.c >&5
configure:4670: $? = 0
configure:4688: result: none needed
configure:4804: checking whether gcc understands -c and -o together
configure:4827: gcc -c conftest.c -o conftest2.o
configure:4830: $? = 0
configure:4827: gcc -c conftest.c -o conftest2.o
configure:4830: $? = 0
configure:4842: result: yes
configure:4861: checking dependency style of gcc
configure:4973: result: gcc3
configure:5042: checking for gcc
configure:5074: result: gcc
configure:5427: checking for C compiler version
configure:5436: gcc --version >&5
gcc (Ubuntu 11.3.0-1ubuntu1~22.04) 11.3.0
Copyright (C) 2021 Free Software Foundation, Inc.
This is free software; see the source for copying conditions.  There is NO
warranty; not even for MERCHANTABILITY or FITNESS FOR A PARTICULAR PURPOSE.

configure:5447: $? = 0
configure:5436: gcc -v >&5
Using built-in specs.
COLLECT_GCC=gcc
COLLECT_LTO_WRAPPER=/usr/lib/gcc/x86_64-linux-gnu/11/lto-wrapper
OFFLOAD_TARGET_NAMES=nvptx-none:amdgcn-amdhsa
OFFLOAD_TARGET_DEFAULT=1
Target: x86_64-linux-gnu
Configured with: ../src/configure -v --with-pkgversion='Ubuntu 11.3.0-1ubuntu1~22.04' --with-bugurl=file:///usr/share/doc/gcc-11/README.Bugs --enable-languages=c,ada,c++,go,brig,d,fortran,objc,obj-c++,m2 --prefix=/usr --with-gcc-major-version-only --program-suffix=-11 --program-prefix=x86_64-linux-gnu- --enable-shared --enable-linker-build-id --libexecdir=/usr/lib --without-included-gettext --enable-threads=posix --libdir=/usr/lib --enable-nls --enable-bootstrap --enable-clocale=gnu --enable-libstdcxx-debug --enable-libstdcxx-time=yes --with-default-libstdcxx-abi=new --enable-gnu-unique-object --disable-vtable-verify --enable-plugin --enable-default-pie --with-system-zlib --enable-libphobos-checking=release --with-target-system-zlib=auto --enable-objc-gc=auto --enable-multiarch --disable-werror --enable-cet --with-arch-32=i686 --with-abi=m64 --with-multilib-list=m32,m64,mx32 --enable-multilib --with-tune=generic --enable-offload-targets=nvptx-none=/build/gcc-11-xKiWfi/gcc-11-11.3.0/debian/tmp-nvptx/usr,amdgcn-amdhsa=/build/gcc-11-xKiWfi/gcc-11-11.3.0/debian/tmp-gcn/usr --without-cuda-driver --enable-checking=release --build=x86_64-linux-gnu --host=x86_64-linux-gnu --target=x86_64-linux-gnu --with-build-config=bootstrap-lto-lean --enable-link-serialization=2
Thread model: posix
Supported LTO compression algorithms: zlib zstd
gcc version 11.3.0 (Ubuntu 11.3.0-1ubuntu1~22.04) 
... rest of stderr output deleted ...
configure:5447: $? = 0
configure:5436: gcc -V >&5
gcc: error: unrecognized command-line option '-V'
gcc: fatal error: no input files
compilation terminated.
configure:5447: $? = 1
configure:5436: gcc -qversion >&5
gcc: error: unrecognized command-line option '-qversion'; did you mean '--version'?
gcc: fatal error: no input files
compilation terminated.
configure:5447: $? = 1
configure:5436: gcc -version >&5
gcc: error: unrecognized command-line option '-version'
gcc: fatal error: no input files
compilation terminated.
configure:5447: $? = 1
configure:5451: checking whether the compiler supports GNU C
configure:5481: result: yes
configure:5492: checking whether gcc accepts -g
configure:5557: result: yes
configure:5577: checking for gcc option to enable C11 features
configure:5610: result: none needed
configure:5726: checking whether gcc understands -c and -o together
configure:5764: result: yes
configure:5783: checking dependency style of gcc
configure:5895: result: gcc3
configure:5942: checking build system type
configure:5957: result: x86_64-pc-linux-gnu
configure:5977: checking host system type
configure:5991: result: x86_64-pc-linux-gnu
configure:6032: checking how to print strings
configure:6059: result: printf
configure:6080: checking for a sed that does not truncate output
configure:6150: result: /usr/bin/sed
configure:6168: checking for grep that handles long lines and -e
configure:6232: result: /usr/bin/grep
configure:6237: checking for egrep
configure:6305: result: /usr/bin/grep -E
configure:6310: checking for fgrep
configure:6378: result: /usr/bin/grep -F
configure:6414: checking for ld used by gcc
configure:6482: result: /usr/bin/ld
configure:6489: checking if the linker (/usr/bin/ld) is GNU ld
configure:6505: result: yes
configure:6517: checking for BSD- or MS-compatible name lister (nm)

## ---------------- ##
## Cache variables. ##
## ---------------- ##

ac_cv_build=x86_64-pc-linux-gnu
ac_cv_c_compiler_gnu=yes
ac_cv_env_CC_set=
ac_cv_env_CC_value=
ac_cv_env_CFLAGS_set=
ac_cv_env_CFLAGS_value=
ac_cv_env_CPPFLAGS_set=
ac_cv_env_CPPFLAGS_value=
ac_cv_env_LDFLAGS_set=
ac_cv_env_LDFLAGS_value=
ac_cv_env_LIBS_set=
ac_cv_env_LIBS_value=
ac_cv_env_LT_SYS_LIBRARY_PATH_set=
ac_cv_env_LT_SYS_LIBRARY_PATH_value=
ac_cv_env_PKG_CONFIG_LIBDIR_set=
ac_cv_env_PKG_CONFIG_LIBDIR_value=
ac_cv_env_PKG_CONFIG_PATH_set=
ac_cv_env_PKG_CONFIG_PATH_value=
ac_cv_env_PKG_CONFIG_set=
ac_cv_env_PKG_CONFIG_value=
ac_cv_env_SIGNAL_SNORT_DUMP_STATS_set=
ac_cv_env_SIGNAL_SNORT_DUMP_STATS_value=
ac_cv_env_SIGNAL_SNORT_READ_ATTR_TBL_set=
ac_cv_env_SIGNAL_SNORT_READ_ATTR_TBL_value=
ac_cv_env_SIGNAL_SNORT_RELOAD_set=
ac_cv_env_SIGNAL_SNORT_RELOAD_value=
ac_cv_env_SIGNAL_SNORT_ROTATE_STATS_set=
ac_cv_env_SIGNAL_SNORT_ROTATE_STATS_value=
ac_cv_env_build_alias_set=
ac_cv_env_build_alias_value=
ac_cv_env_host_alias_set=
ac_cv_env_host_alias_value=
ac_cv_env_luajit_CFLAGS_set=
ac_cv_env_luajit_CFLAGS_value=
ac_cv_env_luajit_LIBS_set=
ac_cv_env_luajit_LIBS_value=
ac_cv_env_target_alias_set=
ac_cv_env_target_alias_value=
ac_cv_host=x86_64-pc-linux-gnu
ac_cv_objext=o
ac_cv_path_EGREP='/usr/bin/grep -E'
ac_cv_path_FGREP='/usr/bin/grep -F'
ac_cv_path_GREP=/usr/bin/grep
ac_cv_path_SED=/usr/bin/sed
ac_cv_path_install='/usr/bin/install -c'
ac_cv_path_mkdir=/usr/bin/mkdir
ac_cv_prog_AWK=mawk
ac_cv_prog_ac_ct_CC=gcc
ac_cv_prog_cc_c11=
ac_cv_prog_cc_g=yes
ac_cv_prog_cc_stdc=
ac_cv_prog_make_make_set=yes
am_cv_CC_dependencies_compiler_type=gcc3
am_cv_make_support_nested_variables=yes
am_cv_prog_cc_c_o=yes
lt_cv_path_LD=/usr/bin/ld
lt_cv_prog_gnu_ld=yes

## ----------------- ##
## Output variables. ##
## ----------------- ##

ACLOCAL='${SHELL} '\''/home/zxcv/gnort_2.9.20/gnort_src/snort-2.9.20/missing'\'' aclocal-1.16'
AMDEPBACKSLASH='\'
AMDEP_FALSE='#'
AMDEP_TRUE=''
AMTAR='$${TAR-tar}'
AM_BACKSLASH='\'
AM_DEFAULT_V='$(AM_DEFAULT_VERBOSITY)'
AM_DEFAULT_VERBOSITY='1'
AM_V='$(V)'
AR=''
AUTOCONF='${SHELL} '\''/home/zxcv/gnort_2.9.20/gnort_src/snort-2.9.20/missing'\'' autoconf'
AUTOHEADER='${SHELL} '\''/home/zxcv/gnort_2.9.20/gnort_src/snort-2.9.20/missing'\'' autoheader'
AUTOMAKE='${SHELL} '\''/home/zxcv/gnort_2.9.20/gnort_src/snort-2.9.20/missing'\'' automake-1.16'
AWK='mawk'
BUILD_BUFFER_DUMP_FALSE=''
BUILD_BUFFER_DUMP_TRUE=''
BUILD_CONTROL_SOCKET_FALSE=''
BUILD_CONTROL_SOCKET_TRUE=''
BUILD_DYNAMIC_EXAMPLES_FALSE=''
BUILD_DYNAMIC_EXAMPLES_TRUE=''
BUILD_HA_FALSE=''
BUILD_HA_TRUE=''
BUILD_OPENSSL_MD5_FALSE=''
BUILD_OPENSSL_MD5_TRUE=''
BUILD_OPENSSL_SHA_FALSE=''
BUILD_OPENSSL_SHA_TRUE=''
BUILD_PROCPIDSTATS_FALSE=''
BUILD_PROCPIDSTATS_TRUE=''
BUILD_REACT_FALSE=''
BUILD_REACT_TRUE=''
BUILD_RESPOND3_FALSE=''
BUILD_RESPOND3_TRUE=''
BUILD_SIDE_CHANNEL_FALSE=''
BUILD_SIDE_CHANNEL_TRUE=''
BUILD_SNORT_RELOAD_FALSE=''
BUILD_SNORT_RELOAD_TRUE=''
BUILD_SNPRINTF_FALSE=''
BUILD_SNPRINTF_TRUE=''
CC='gcc'
CCDEPMODE='depmode=gcc3'
CCONFIGFLAGS=''
CFLAGS='-g -O2'
CONFIGFLAGS=''
CPPFLAGS=''
CSCOPE='cscope'
CTAGS='ctags'
CYGPATH_W='echo'
DEFS=''
DEPDIR='.deps'
DLLTOOL=''
DSYMUTIL=''
DUMPBIN=''
ECHO_C=''
ECHO_N='-n'
ECHO_T=''
EGREP='/usr/bin/grep -E'
ETAGS='etags'
EXEEXT=''
FEAT_FILE_INSPECT_FALSE=''
FEAT_FILE_INSPECT_TRUE=''
FEAT_OPEN_APPID_FALSE=''
FEAT_OPEN_APPID_TRUE=''
FGREP='/usr/bin/grep -F'
GREP='/usr/bin/grep'
HAVE_INTEL_SOFT_CPM_FALSE=''
HAVE_INTEL_SOFT_CPM_TRUE=''
HAVE_JEMALLOC_FALSE=''
HAVE_JEMALLOC_TRUE=''
HAVE_LZMA_FALSE=''
HAVE_LZMA_TRUE=''
HAVE_SHARED_REP_FALSE=''
HAVE_SHARED_REP_TRUE=''
HAVE_TARGET_BASED_FALSE=''
HAVE_TARGET_BASED_TRUE=''
ICONFIGFLAGS=''
INCLUDES=''
INSTALL_DATA='${INSTALL} -m 644'
INSTALL_PROGRAM='${INSTALL}'
INSTALL_SCRIPT='${INSTALL}'
INSTALL_STRIP_PROGRAM='$(install_sh) -c -s'
LD='/usr/bin/ld'
LDFLAGS=''
LEX=''
LIBOBJS=''
LIBS=''
LIBTOOL=''
LIPO=''
LN_S=''
LTLIBOBJS=''
LT_SYS_LIBRARY_PATH=''
LUA_CFLAGS=''
LUA_LIBS=''
MAKEINFO='${SHELL} '\''/home/zxcv/gnort_2.9.20/gnort_src/snort-2.9.20/missing'\'' makeinfo'
MANIFEST_TOOL=''
MKDIR_P='/usr/bin/mkdir -p'
NM=''
NMEDIT=''
OBJDUMP=''
OBJEXT='o'
OTOOL64=''
OTOOL=''
PACKAGE='snort'
PACKAGE_BUGREPORT=''
PACKAGE_NAME='snort'
PACKAGE_STRING='snort 2.9.20'
PACKAGE_TARNAME='snort'
PACKAGE_URL=''
PACKAGE_VERSION='2.9.20'
PATH_SEPARATOR=':'
PKG_CONFIG=''
PKG_CONFIG_LIBDIR=''
PKG_CONFIG_PATH=''
RANLIB=''
SED='/usr/bin/sed'
SET_MAKE=''
SHELL='/bin/bash'
SIGNAL_SNORT_DUMP_STATS=''
SIGNAL_SNORT_READ_ATTR_TBL=''
SIGNAL_SNORT_RELOAD=''
SIGNAL_SNORT_ROTATE_STATS=''
SO_WITH_STATIC_LIB_FALSE=''
SO_WITH_STATIC_LIB_TRUE=''
STRIP=''
VERSION='2.9.20'
XCCFLAGS=''
YACC=''
ac_ct_AR=''
ac_ct_CC='gcc'
ac_ct_DUMPBIN=''
am__EXEEXT_FALSE=''
am__EXEEXT_TRUE=''
am__fastdepCC_FALSE='#'
am__fastdepCC_TRUE=''
am__include='include'
am__isrc=''
am__leading_dot='.'
am__nodep='_no'
am__quote=''
am__tar='$${TAR-tar} chof - "$$tardir"'
am__untar='$${TAR-tar} xf -'
bindir='${exec_prefix}/bin'
build='x86_64-pc-linux-gnu'
build_alias=''
build_cpu='x86_64'
build_os='linux-gnu'
build_vendor='pc'
datadir='${datarootdir}'
datarootdir='${prefix}/share'
docdir='${datarootdir}/doc/${PACKAGE_TARNAME}'
dvidir='${docdir}'
exec_prefix='NONE'
extra_incl=''
host='x86_64-pc-linux-gnu'
host_alias=''
host_cpu='x86_64'
host_os='linux-gnu'
host_vendor='pc'
htmldir='${docdir}'
includedir='${prefix}/include'
infodir='${datarootdir}/info'
install_sh='${SHELL} /home/zxcv/gnort_2.9.20/gnort_src/snort-2.9.20/install-sh'
libdir='${exec_prefix}/lib'
libexecdir='${exec_prefix}/libexec'
localedir='${datarootdir}/locale'
localstatedir='${prefix}/var'
luajit_CFLAGS=''
luajit_LIBS=''
mandir='${datarootdir}/man'
mkdir_p='$(MKDIR_P)'
oldincludedir='/usr/include'
pdfdir='${docdir}'
prefix='NONE'
program_transform_name='s,x,x,'
psdir='${docdir}'
runstatedir='${localstatedir}/run'
sbindir='${exec_prefix}/sbin'
sharedstatedir='${prefix}/com'
sysconfdir='${prefix}/etc'
target_alias=''

## ----------- ##
## confdefs.h. ##
## ----------- ##

/* confdefs.h */
#define PACKAGE_NAME "snort"
#define PACKAGE_TARNAME "snort"
#define PACKAGE_VERSION "2.9.20"
#define PACKAGE_STRING "snort 2.9.20"
#define PACKAGE_BUGREPORT ""
#define PACKAGE_URL ""
#define PACKAGE "snort"
#define VERSION "2.9.20"

configure: caught signal 2
configure: exit 1

## ---------------------- ##
## Running config.status. ##
## ---------------------- ##

This file was extended by snort config.status 2.9.20, which was
generated by GNU Autoconf 2.71.  Invocation command line was

  CONFIG_FILES    = 
  CONFIG_HEADERS  = 
  CONFIG_LINKS    = 
  CONFIG_COMMANDS = 
  $ ./config.status Makefile

on zxcv

config.status:1288: creating Makefile

## ---------------------- ##
## Running config.status. ##
## ---------------------- ##

This file was extended by snort config.status 2.9.20, which was
generated by GNU Autoconf 2.71.  Invocation command line was

  CONFIG_FILES    = 
  CONFIG_HEADERS  = 
  CONFIG_LINKS    = 
  CONFIG_COMMANDS = 
  $ ./config.status src/Makefile

on zxcv

config.status:1288: creating src/Makefile

## ---------------------- ##
## Running config.status. ##
## ---------------------- ##

This file was extended by snort config.status 2.9.20, which was
generated by GNU Autoconf 2.71.  Invocation command line was

  CONFIG_FILES    = 
  CONFIG_HEADERS  = 
  CONFIG_LINKS    = 
  CONFIG_COMMANDS = 
  $ ./config.status src/sfutil/Makefile

on zxcv

config.status:1288: creating src/sfutil/Makefile

## ---------------------- ##
## Running config.status. ##
## ---------------------- ##

This file was extended by snort config.status 2.9.20, which was
generated by GNU Autoconf 2.71.  Invocation command line was

  CONFIG_FILES    = 
  CONFIG_HEADERS  = 
  CONFIG_LINKS    = 
  CONFIG_COMMANDS = 
  $ ./config.status src/win32/Makefile

on zxcv

config.status:1288: creating src/win32/Makefile

## ---------------------- ##
## Running config.status. ##
## ---------------------- ##

This file was extended by snort config.status 2.9.20, which was
generated by GNU Autoconf 2.71.  Invocation command line was

  CONFIG_FILES    = 
  CONFIG_HEADERS  = 
  CONFIG_LINKS    = 
  CONFIG_COMMANDS = 
  $ ./config.status src/output-plugins/Makefile

on zxcv

config.status:1288: creating src/output-plugins/Makefile

## ---------------------- ##
## Running config.status. ##
## ---------------------- ##

This file was extended by snort config.status 2.9.20, which was
generated by GNU Autoconf 2.71.  Invocation command line was

  CONFIG_FILES    = 
  CONFIG_HEADERS  = 
  CONFIG_LINKS    = 
  CONFIG_COMMANDS = 
  $ ./config.status src/detection-plugins/Makefile

on zxcv

config.status:1288: creating src/detection-plugins/Makefile

## ---------------------- ##
## Running config.status. ##
## ---------------------- ##

This file was extended by snort config.status 2.9.20, which was
generated by GNU Autoconf 2.71.  Invocation command line was

  CONFIG_FILES    = 
  CONFIG_HEADERS  = 
  CONFIG_LINKS    = 
  CONFIG_COMMANDS = 
  $ ./config.status src/dynamic-plugins/Makefile

on zxcv

config.status:1288: creating src/dynamic-plugins/Makefile

## ---------------------- ##
## Running config.status. ##
## ---------------------- ##

This file was extended by snort config.status 2.9.20, which was
generated by GNU Autoconf 2.71.  Invocation command line was

  CONFIG_FILES    = 
  CONFIG_HEADERS  = 
  CONFIG_LINKS    = 
  CONFIG_COMMANDS = 
  $ ./config.status src/dynamic-plugins/sf_engine/Makefile

on zxcv

config.status:1288: creating src/dynamic-plugins/sf_engine/Makefile

## ---------------------- ##
## Running config.status. ##
## ---------------------- ##

This file was extended by snort config.status 2.9.20, which was
generated by GNU Autoconf 2.71.  Invocation command line was

  CONFIG_FILES    = 
  CONFIG_HEADERS  = 
  CONFIG_LINKS    = 
  CONFIG_COMMANDS = 
  $ ./config.status src/dynamic-plugins/sf_engine/examples/Makefile

on zxcv

config.status:1288: creating src/dynamic-plugins/sf_engine/examples/Makefile

## ---------------------- ##
## Running config.status. ##
## ---------------------- ##

This file was extended by snort config.status 2.9.20, which was
generated by GNU Autoconf 2.71.  Invocation command line was

  CONFIG_FILES    = 
  CONFIG_HEADERS  = 
  CONFIG_LINKS    = 
  CONFIG_COMMANDS = 
  $ ./config.status src/dynamic-plugins/sf_preproc_example/Makefile

on zxcv

config.status:1288: creating src/dynamic-plugins/sf_preproc_example/Makefile

## ---------------------- ##
## Running config.status. ##
## ---------------------- ##

This file was extended by snort config.status 2.9.20, which was
generated by GNU Autoconf 2.71.  Invocation command line was

  CONFIG_FILES    = 
  CONFIG_HEADERS  = 
  CONFIG_LINKS    = 
  CONFIG_COMMANDS = 
  $ ./config.status src/preprocessors/Makefile

on zxcv

config.status:1288: creating src/preprocessors/Makefile

## ---------------------- ##
## Running config.status. ##
## ---------------------- ##

This file was extended by snort config.status 2.9.20, which was
generated by GNU Autoconf 2.71.  Invocation command line was

  CONFIG_FILES    = 
  CONFIG_HEADERS  = 
  CONFIG_LINKS    = 
  CONFIG_COMMANDS = 
  $ ./config.status src/preprocessors/HttpInspect/Makefile

on zxcv

config.status:1288: creating src/preprocessors/HttpInspect/Makefile

## ---------------------- ##
## Running config.status. ##
## ---------------------- ##

This file was extended by snort config.status 2.9.20, which was
generated by GNU Autoconf 2.71.  Invocation command line was

  CONFIG_FILES    = 
  CONFIG_HEADERS  = 
  CONFIG_LINKS    = 
  CONFIG_COMMANDS = 
  $ ./config.status src/preprocessors/HttpInspect/include/Makefile

on zxcv

config.status:1288: creating src/preprocessors/HttpInspect/include/Makefile

## ---------------------- ##
## Running config.status. ##
## ---------------------- ##

This file was extended by snort config.status 2.9.20, which was
generated by GNU Autoconf 2.71.  Invocation command line was

  CONFIG_FILES    = 
  CONFIG_HEADERS  = 
  CONFIG_LINKS    = 
  CONFIG_COMMANDS = 
  $ ./config.status src/preprocessors/HttpInspect/utils/Makefile

on zxcv

config.status:1288: creating src/preprocessors/HttpInspect/utils/Makefile

## ---------------------- ##
## Running config.status. ##
## ---------------------- ##

This file was extended by snort config.status 2.9.20, which was
generated by GNU Autoconf 2.71.  Invocation command line was

  CONFIG_FILES    = 
  CONFIG_HEADERS  = 
  CONFIG_LINKS    = 
  CONFIG_COMMANDS = 
  $ ./config.status src/preprocessors/HttpInspect/user_interface/Makefile

on zxcv

config.status:1288: creating src/preprocessors/HttpInspect/user_interface/Makefile

## ---------------------- ##
## Running config.status. ##
## ---------------------- ##

This file was extended by snort config.status 2.9.20, which was
generated by GNU Autoconf 2.71.  Invocation command line was

  CONFIG_FILES    = 
  CONFIG_HEADERS  = 
  CONFIG_LINKS    = 
  CONFIG_COMMANDS = 
  $ ./config.status src/preprocessors/HttpInspect/session_inspection/Makefile

on zxcv

config.status:1288: creating src/preprocessors/HttpInspect/session_inspection/Makefile

## ---------------------- ##
## Running config.status. ##
## ---------------------- ##

This file was extended by snort config.status 2.9.20, which was
generated by GNU Autoconf 2.71.  Invocation command line was

  CONFIG_FILES    = 
  CONFIG_HEADERS  = 
  CONFIG_LINKS    = 
  CONFIG_COMMANDS = 
  $ ./config.status src/preprocessors/HttpInspect/mode_inspection/Makefile

on zxcv

config.status:1288: creating src/preprocessors/HttpInspect/mode_inspection/Makefile

## ---------------------- ##
## Running config.status. ##
## ---------------------- ##

This file was extended by snort config.status 2.9.20, which was
generated by GNU Autoconf 2.71.  Invocation command line was

  CONFIG_FILES    = 
  CONFIG_HEADERS  = 
  CONFIG_LINKS    = 
  CONFIG_COMMANDS = 
  $ ./config.status src/preprocessors/HttpInspect/anomaly_detection/Makefile

on zxcv

config.status:1288: creating src/preprocessors/HttpInspect/anomaly_detection/Makefile

## ---------------------- ##
## Running config.status. ##
## ---------------------- ##

This file was extended by snort config.status 2.9.20, which was
generated by GNU Autoconf 2.71.  Invocation command line was

  CONFIG_FILES    = 
  CONFIG_HEADERS  = 
  CONFIG_LINKS    = 
  CONFIG_COMMANDS = 
  $ ./config.status src/preprocessors/HttpInspect/event_output/Makefile

on zxcv

config.status:1288: creating src/preprocessors/HttpInspect/event_output/Makefile

## ---------------------- ##
## Running config.status. ##
## ---------------------- ##

This file was extended by snort config.status 2.9.20, which was
generated by GNU Autoconf 2.71.  Invocation command line was

  CONFIG_FILES    = 
  CONFIG_HEADERS  = 
  CONFIG_LINKS    = 
  CONFIG_COMMANDS = 
  $ ./config.status src/preprocessors/HttpInspect/server/Makefile

on zxcv

config.status:1288: creating src/preprocessors/HttpInspect/server/Makefile

## ---------------------- ##
## Running config.status. ##
## ---------------------- ##

This file was extended by snort config.status 2.9.20, which was
generated by GNU Autoconf 2.71.  Invocation command line was

  CONFIG_FILES    = 
  CONFIG_HEADERS  = 
  CONFIG_LINKS    = 
  CONFIG_COMMANDS = 
  $ ./config.status src/preprocessors/HttpInspect/client/Makefile

on zxcv

config.status:1288: creating src/preprocessors/HttpInspect/client/Makefile

## ---------------------- ##
## Running config.status. ##
## ---------------------- ##

This file was extended by snort config.status 2.9.20, which was
generated by GNU Autoconf 2.71.  Invocation command line was

  CONFIG_FILES    = 
  CONFIG_HEADERS  = 
  CONFIG_LINKS    = 
  CONFIG_COMMANDS = 
  $ ./config.status src/preprocessors/HttpInspect/normalization/Makefile

on zxcv

config.status:1288: creating src/preprocessors/HttpInspect/normalization/Makefile

## ---------------------- ##
## Running config.status. ##
## ---------------------- ##

This file was extended by snort config.status 2.9.20, which was
generated by GNU Autoconf 2.71.  Invocation command line was

  CONFIG_FILES    = 
  CONFIG_HEADERS  = 
  CONFIG_LINKS    = 
  CONFIG_COMMANDS = 
  $ ./config.status src/preprocessors/HttpInspect/files/Makefile

on zxcv

config.status:1288: creating src/preprocessors/HttpInspect/files/Makefile

## ---------------------- ##
## Running config.status. ##
## ---------------------- ##

This file was extended by snort config.status 2.9.20, which was
generated by GNU Autoconf 2.71.  Invocation command line was

  CONFIG_FILES    = 
  CONFIG_HEADERS  = 
  CONFIG_LINKS    = 
  CONFIG_COMMANDS = 
  $ ./config.status src/preprocessors/Stream6/Makefile

on zxcv

config.status:1288: creating src/preprocessors/Stream6/Makefile

## ---------------------- ##
## Running config.status. ##
## ---------------------- ##

This file was extended by snort config.status 2.9.20, which was
generated by GNU Autoconf 2.71.  Invocation command line was

  CONFIG_FILES    = 
  CONFIG_HEADERS  = 
  CONFIG_LINKS    = 
  CONFIG_COMMANDS = 
  $ ./config.status src/preprocessors/Session/Makefile

on zxcv

config.status:1288: creating src/preprocessors/Session/Makefile

## ---------------------- ##
## Running config.status. ##
## ---------------------- ##

This file was extended by snort config.status 2.9.20, which was
generated by GNU Autoconf 2.71.  Invocation command line was

  CONFIG_FILES    = 
  CONFIG_HEADERS  = 
  CONFIG_LINKS    = 
  CONFIG_COMMANDS = 
  $ ./config.status src/parser/Makefile

on zxcv

config.status:1288: creating src/parser/Makefile

## ---------------------- ##
## Running config.status. ##
## ---------------------- ##

This file was extended by snort config.status 2.9.20, which was
generated by GNU Autoconf 2.71.  Invocation command line was

  CONFIG_FILES    = 
  CONFIG_HEADERS  = 
  CONFIG_LINKS    = 
  CONFIG_COMMANDS = 
  $ ./config.status src/dynamic-preprocessors/Makefile

on zxcv

config.status:1288: creating src/dynamic-preprocessors/Makefile

## ---------------------- ##
## Running config.status. ##
## ---------------------- ##

This file was extended by snort config.status 2.9.20, which was
generated by GNU Autoconf 2.71.  Invocation command line was

  CONFIG_FILES    = 
  CONFIG_HEADERS  = 
  CONFIG_LINKS    = 
  CONFIG_COMMANDS = 
  $ ./config.status src/dynamic-preprocessors/libs/Makefile

on zxcv

config.status:1288: creating src/dynamic-preprocessors/libs/Makefile

## ---------------------- ##
## Running config.status. ##
## ---------------------- ##

This file was extended by snort config.status 2.9.20, which was
generated by GNU Autoconf 2.71.  Invocation command line was

  CONFIG_FILES    = 
  CONFIG_HEADERS  = 
  CONFIG_LINKS    = 
  CONFIG_COMMANDS = 
  $ ./config.status src/dynamic-preprocessors/ftptelnet/Makefile

on zxcv

config.status:1288: creating src/dynamic-preprocessors/ftptelnet/Makefile

## ---------------------- ##
## Running config.status. ##
## ---------------------- ##

This file was extended by snort config.status 2.9.20, which was
generated by GNU Autoconf 2.71.  Invocation command line was

  CONFIG_FILES    = 
  CONFIG_HEADERS  = 
  CONFIG_LINKS    = 
  CONFIG_COMMANDS = 
  $ ./config.status src/dynamic-preprocessors/pop/Makefile

on zxcv

config.status:1288: creating src/dynamic-preprocessors/pop/Makefile

## ---------------------- ##
## Running config.status. ##
## ---------------------- ##

This file was extended by snort config.status 2.9.20, which was
generated by GNU Autoconf 2.71.  Invocation command line was

  CONFIG_FILES    = 
  CONFIG_HEADERS  = 
  CONFIG_LINKS    = 
  CONFIG_COMMANDS = 
  $ ./config.status src/dynamic-preprocessors/imap/Makefile

on zxcv

config.status:1288: creating src/dynamic-preprocessors/imap/Makefile

## ---------------------- ##
## Running config.status. ##
## ---------------------- ##

This file was extended by snort config.status 2.9.20, which was
generated by GNU Autoconf 2.71.  Invocation command line was

  CONFIG_FILES    = 
  CONFIG_HEADERS  = 
  CONFIG_LINKS    = 
  CONFIG_COMMANDS = 
  $ ./config.status src/dynamic-preprocessors/smtp/Makefile

on zxcv

config.status:1288: creating src/dynamic-preprocessors/smtp/Makefile

## ---------------------- ##
## Running config.status. ##
## ---------------------- ##

This file was extended by snort config.status 2.9.20, which was
generated by GNU Autoconf 2.71.  Invocation command line was

  CONFIG_FILES    = 
  CONFIG_HEADERS  = 
  CONFIG_LINKS    = 
  CONFIG_COMMANDS = 
  $ ./config.status src/dynamic-preprocessors/ssh/Makefile

on zxcv

config.status:1288: creating src/dynamic-preprocessors/ssh/Makefile

## ---------------------- ##
## Running config.status. ##
## ---------------------- ##

This file was extended by snort config.status 2.9.20, which was
generated by GNU Autoconf 2.71.  Invocation command line was

  CONFIG_FILES    = 
  CONFIG_HEADERS  = 
  CONFIG_LINKS    = 
  CONFIG_COMMANDS = 
  $ ./config.status src/dynamic-preprocessors/dns/Makefile

on zxcv

config.status:1288: creating src/dynamic-preprocessors/dns/Makefile

## ---------------------- ##
## Running config.status. ##
## ---------------------- ##

This file was extended by snort config.status 2.9.20, which was
generated by GNU Autoconf 2.71.  Invocation command line was

  CONFIG_FILES    = 
  CONFIG_HEADERS  = 
  CONFIG_LINKS    = 
  CONFIG_COMMANDS = 
  $ ./config.status src/dynamic-preprocessors/ssl/Makefile

on zxcv

config.status:1288: creating src/dynamic-preprocessors/ssl/Makefile

## ---------------------- ##
## Running config.status. ##
## ---------------------- ##

This file was extended by snort config.status 2.9.20, which was
generated by GNU Autoconf 2.71.  Invocation command line was

  CONFIG_FILES    = 
  CONFIG_HEADERS  = 
  CONFIG_LINKS    = 
  CONFIG_COMMANDS = 
  $ ./config.status src/dynamic-preprocessors/dcerpc2/Makefile

on zxcv

config.status:1288: creating src/dynamic-preprocessors/dcerpc2/Makefile

## ---------------------- ##
## Running config.status. ##
## ---------------------- ##

This file was extended by snort config.status 2.9.20, which was
generated by GNU Autoconf 2.71.  Invocation command line was

  CONFIG_FILES    = 
  CONFIG_HEADERS  = 
  CONFIG_LINKS    = 
  CONFIG_COMMANDS = 
  $ ./config.status src/dynamic-preprocessors/sdf/Makefile

on zxcv

config.status:1288: creating src/dynamic-preprocessors/sdf/Makefile

## ---------------------- ##
## Running config.status. ##
## ---------------------- ##

This file was extended by snort config.status 2.9.20, which was
generated by GNU Autoconf 2.71.  Invocation command line was

  CONFIG_FILES    = 
  CONFIG_HEADERS  = 
  CONFIG_LINKS    = 
  CONFIG_COMMANDS = 
  $ ./config.status src/dynamic-preprocessors/sip/Makefile

on zxcv

config.status:1288: creating src/dynamic-preprocessors/sip/Makefile

## ---------------------- ##
## Running config.status. ##
## ---------------------- ##

This file was extended by snort config.status 2.9.20, which was
generated by GNU Autoconf 2.71.  Invocation command line was

  CONFIG_FILES    = 
  CONFIG_HEADERS  = 
  CONFIG_LINKS    = 
  CONFIG_COMMANDS = 
  $ ./config.status src/dynamic-preprocessors/reputation/Makefile

on zxcv

config.status:1288: creating src/dynamic-preprocessors/reputation/Makefile

## ---------------------- ##
## Running config.status. ##
## ---------------------- ##

This file was extended by snort config.status 2.9.20, which was
generated by GNU Autoconf 2.71.  Invocation command line was

  CONFIG_FILES    = 
  CONFIG_HEADERS  = 
  CONFIG_LINKS    = 
  CONFIG_COMMANDS = 
  $ ./config.status src/dynamic-preprocessors/gtp/Makefile

on zxcv

config.status:1288: creating src/dynamic-preprocessors/gtp/Makefile

## ---------------------- ##
## Running config.status. ##
## ---------------------- ##

This file was extended by snort config.status 2.9.20, which was
generated by GNU Autoconf 2.71.  Invocation command line was

  CONFIG_FILES    = 
  CONFIG_HEADERS  = 
  CONFIG_LINKS    = 
  CONFIG_COMMANDS = 
  $ ./config.status src/dynamic-preprocessors/modbus/Makefile

on zxcv

config.status:1288: creating src/dynamic-preprocessors/modbus/Makefile

## ---------------------- ##
## Running config.status. ##
## ---------------------- ##

This file was extended by snort config.status 2.9.20, which was
generated by GNU Autoconf 2.71.  Invocation command line was

  CONFIG_FILES    = 
  CONFIG_HEADERS  = 
  CONFIG_LINKS    = 
  CONFIG_COMMANDS = 
  $ ./config.status src/dynamic-preprocessors/dnp3/Makefile

on zxcv

config.status:1288: creating src/dynamic-preprocessors/dnp3/Makefile

## ---------------------- ##
## Running config.status. ##
## ---------------------- ##

This file was extended by snort config.status 2.9.20, which was
generated by GNU Autoconf 2.71.  Invocation command line was

  CONFIG_FILES    = 
  CONFIG_HEADERS  = 
  CONFIG_LINKS    = 
  CONFIG_COMMANDS = 
  $ ./config.status src/dynamic-preprocessors/s7commplus/Makefile

on zxcv

config.status:1288: creating src/dynamic-preprocessors/s7commplus/Makefile

## ---------------------- ##
## Running config.status. ##
## ---------------------- ##

This file was extended by snort config.status 2.9.20, which was
generated by GNU Autoconf 2.71.  Invocation command line was

  CONFIG_FILES    = 
  CONFIG_HEADERS  = 
  CONFIG_LINKS    = 
  CONFIG_COMMANDS = 
  $ ./config.status src/dynamic-preprocessors/appid/Makefile

on zxcv

config.status:1288: creating src/dynamic-preprocessors/appid/Makefile

## ---------------------- ##
## Running config.status. ##
## ---------------------- ##

This file was extended by snort config.status 2.9.20, which was
generated by GNU Autoconf 2.71.  Invocation command line was

  CONFIG_FILES    = 
  CONFIG_HEADERS  = 
  CONFIG_LINKS    = 
  CONFIG_COMMANDS = 
  $ ./config.status src/dynamic-output/Makefile

on zxcv

config.status:1288: creating src/dynamic-output/Makefile

## ---------------------- ##
## Running config.status. ##
## ---------------------- ##

This file was extended by snort config.status 2.9.20, which was
generated by GNU Autoconf 2.71.  Invocation command line was

  CONFIG_FILES    = 
  CONFIG_HEADERS  = 
  CONFIG_LINKS    = 
  CONFIG_COMMANDS = 
  $ ./config.status src/dynamic-output/plugins/Makefile

on zxcv

config.status:1288: creating src/dynamic-output/plugins/Makefile

## ---------------------- ##
## Running config.status. ##
## ---------------------- ##

This file was extended by snort config.status 2.9.20, which was
generated by GNU Autoconf 2.71.  Invocation command line was

  CONFIG_FILES    = 
  CONFIG_HEADERS  = 
  CONFIG_LINKS    = 
  CONFIG_COMMANDS = 
  $ ./config.status src/dynamic-output/libs/Makefile

on zxcv

config.status:1288: creating src/dynamic-output/libs/Makefile

## ---------------------- ##
## Running config.status. ##
## ---------------------- ##

This file was extended by snort config.status 2.9.20, which was
generated by GNU Autoconf 2.71.  Invocation command line was

  CONFIG_FILES    = 
  CONFIG_HEADERS  = 
  CONFIG_LINKS    = 
  CONFIG_COMMANDS = 
  $ ./config.status src/target-based/Makefile

on zxcv

config.status:1288: creating src/target-based/Makefile

## ---------------------- ##
## Running config.status. ##
## ---------------------- ##

This file was extended by snort config.status 2.9.20, which was
generated by GNU Autoconf 2.71.  Invocation command line was

  CONFIG_FILES    = 
  CONFIG_HEADERS  = 
  CONFIG_LINKS    = 
  CONFIG_COMMANDS = 
  $ ./config.status src/control/Makefile

on zxcv

config.status:1288: creating src/control/Makefile

## ---------------------- ##
## Running config.status. ##
## ---------------------- ##

This file was extended by snort config.status 2.9.20, which was
generated by GNU Autoconf 2.71.  Invocation command line was

  CONFIG_FILES    = 
  CONFIG_HEADERS  = 
  CONFIG_LINKS    = 
  CONFIG_COMMANDS = 
  $ ./config.status src/file-process/Makefile

on zxcv

config.status:1288: creating src/file-process/Makefile

## ---------------------- ##
## Running config.status. ##
## ---------------------- ##

This file was extended by snort config.status 2.9.20, which was
generated by GNU Autoconf 2.71.  Invocation command line was

  CONFIG_FILES    = 
  CONFIG_HEADERS  = 
  CONFIG_LINKS    = 
  CONFIG_COMMANDS = 
  $ ./config.status src/file-process/libs/Makefile

on zxcv

config.status:1288: creating src/file-process/libs/Makefile

## ---------------------- ##
## Running config.status. ##
## ---------------------- ##

This file was extended by snort config.status 2.9.20, which was
generated by GNU Autoconf 2.71.  Invocation command line was

  CONFIG_FILES    = 
  CONFIG_HEADERS  = 
  CONFIG_LINKS    = 
  CONFIG_COMMANDS = 
  $ ./config.status src/reload-adjust/Makefile

on zxcv

config.status:1288: creating src/reload-adjust/Makefile

## ---------------------- ##
## Running config.status. ##
## ---------------------- ##

This file was extended by snort config.status 2.9.20, which was
generated by GNU Autoconf 2.71.  Invocation command line was

  CONFIG_FILES    = 
  CONFIG_HEADERS  = 
  CONFIG_LINKS    = 
  CONFIG_COMMANDS = 
  $ ./config.status doc/Makefile

on zxcv

config.status:1288: creating doc/Makefile

## ---------------------- ##
## Running config.status. ##
## ---------------------- ##

This file was extended by snort config.status 2.9.20, which was
generated by GNU Autoconf 2.71.  Invocation command line was

  CONFIG_FILES    = 
  CONFIG_HEADERS  = 
  CONFIG_LINKS    = 
  CONFIG_COMMANDS = 
  $ ./config.status etc/Makefile

on zxcv

config.status:1288: creating etc/Makefile

## ---------------------- ##
## Running config.status. ##
## ---------------------- ##

This file was extended by snort config.status 2.9.20, which was
generated by GNU Autoconf 2.71.  Invocation command line was

  CONFIG_FILES    = 
  CONFIG_HEADERS  = 
  CONFIG_LINKS    = 
  CONFIG_COMMANDS = 
  $ ./config.status templates/Makefile

on zxcv

config.status:1288: creating templates/Makefile

## ---------------------- ##
## Running config.status. ##
## ---------------------- ##

This file was extended by snort config.status 2.9.20, which was
generated by GNU Autoconf 2.71.  Invocation command line was

  CONFIG_FILES    = 
  CONFIG_HEADERS  = 
  CONFIG_LINKS    = 
  CONFIG_COMMANDS = 
  $ ./config.status rpm/Makefile

on zxcv

config.status:1288: creating rpm/Makefile

## ---------------------- ##
## Running config.status. ##
## ---------------------- ##

This file was extended by snort config.status 2.9.20, which was
generated by GNU Autoconf 2.71.  Invocation command line was

  CONFIG_FILES    = 
  CONFIG_HEADERS  = 
  CONFIG_LINKS    = 
  CONFIG_COMMANDS = 
  $ ./config.status m4/Makefile

on zxcv

config.status:1288: creating m4/Makefile

## ---------------------- ##
## Running config.status. ##
## ---------------------- ##

This file was extended by snort config.status 2.9.20, which was
generated by GNU Autoconf 2.71.  Invocation command line was

  CONFIG_FILES    = 
  CONFIG_HEADERS  = 
  CONFIG_LINKS    = 
  CONFIG_COMMANDS = 
  $ ./config.status preproc_rules/Makefile

on zxcv

config.status:1288: creating preproc_rules/Makefile

## ---------------------- ##
## Running config.status. ##
## ---------------------- ##

This file was extended by snort config.status 2.9.20, which was
generated by GNU Autoconf 2.71.  Invocation command line was

  CONFIG_FILES    = 
  CONFIG_HEADERS  = 
  CONFIG_LINKS    = 
  CONFIG_COMMANDS = 
  $ ./config.status tools/Makefile

on zxcv

config.status:1288: creating tools/Makefile

## ---------------------- ##
## Running config.status. ##
## ---------------------- ##

This file was extended by snort config.status 2.9.20, which was
generated by GNU Autoconf 2.71.  Invocation command line was

  CONFIG_FILES    = 
  CONFIG_HEADERS  = 
  CONFIG_LINKS    = 
  CONFIG_COMMANDS = 
  $ ./config.status tools/u2boat/Makefile depfiles

on zxcv

config.status:1288: creating tools/u2boat/Makefile
config.status:1517: executing depfiles commands
config.status:1594: cd tools/u2boat       && sed -e '/# am--include-marker/d' Makefile         | make -f - am--depfiles
make[4]: Entering directory '/home/zxcv/gnort_2.9.20/gnort_src/snort-2.9.20/tools/u2boat'
make[4]: Nothing to be done for 'am--depfiles'.
make[4]: Leaving directory '/home/zxcv/gnort_2.9.20/gnort_src/snort-2.9.20/tools/u2boat'
config.status:1599: $? = 0

## ---------------------- ##
## Running config.status. ##
## ---------------------- ##

This file was extended by snort config.status 2.9.20, which was
generated by GNU Autoconf 2.71.  Invocation command line was

  CONFIG_FILES    = 
  CONFIG_HEADERS  = 
  CONFIG_LINKS    = 
  CONFIG_COMMANDS = 
  $ ./config.status tools/u2spewfoo/Makefile depfiles

on zxcv

config.status:1288: creating tools/u2spewfoo/Makefile
config.status:1517: executing depfiles commands
config.status:1594: cd tools/u2spewfoo       && sed -e '/# am--include-marker/d' Makefile         | make -f - am--depfiles
make[4]: Entering directory '/home/zxcv/gnort_2.9.20/gnort_src/snort-2.9.20/tools/u2spewfoo'
make[4]: Nothing to be done for 'am--depfiles'.
make[4]: Leaving directory '/home/zxcv/gnort_2.9.20/gnort_src/snort-2.9.20/tools/u2spewfoo'
config.status:1599: $? = 0

## ---------------------- ##
## Running config.status. ##
## ---------------------- ##

This file was extended by snort config.status 2.9.20, which was
generated by GNU Autoconf 2.71.  Invocation command line was

  CONFIG_FILES    = 
  CONFIG_HEADERS  = 
  CONFIG_LINKS    = 
  CONFIG_COMMANDS = 
  $ ./config.status tools/u2openappid/Makefile depfiles

on zxcv

config.status:1288: creating tools/u2openappid/Makefile
config.status:1517: executing depfiles commands
config.status:1594: cd tools/u2openappid       && sed -e '/# am--include-marker/d' Makefile         | make -f - am--depfiles
make[4]: Entering directory '/home/zxcv/gnort_2.9.20/gnort_src/snort-2.9.20/tools/u2openappid'
make[4]: Nothing to be done for 'am--depfiles'.
make[4]: Leaving directory '/home/zxcv/gnort_2.9.20/gnort_src/snort-2.9.20/tools/u2openappid'
config.status:1599: $? = 0

## ---------------------- ##
## Running config.status. ##
## ---------------------- ##

This file was extended by snort config.status 2.9.20, which was
generated by GNU Autoconf 2.71.  Invocation command line was

  CONFIG_FILES    = 
  CONFIG_HEADERS  = 
  CONFIG_LINKS    = 
  CONFIG_COMMANDS = 
  $ ./config.status tools/u2streamer/Makefile depfiles

on zxcv

config.status:1288: creating tools/u2streamer/Makefile
config.status:1517: executing depfiles commands
config.status:1594: cd tools/u2streamer       && sed -e '/# am--include-marker/d' Makefile         | make -f - am--depfiles
make[4]: Entering directory '/home/zxcv/gnort_2.9.20/gnort_src/snort-2.9.20/tools/u2streamer'
make[4]: Nothing to be done for 'am--depfiles'.
make[4]: Leaving directory '/home/zxcv/gnort_2.9.20/gnort_src/snort-2.9.20/tools/u2streamer'
config.status:1599: $? = 0
