This file contains any messages produced by compilers while
running configure, to aid debugging if configure makes a mistake.

It was created by daq configure 2.0.7, which was
generated by GNU Autoconf 2.71.  Invocation command line was

  $ ./configure

## --------- ##
## Platform. ##
## --------- ##

hostname = zxcv
uname -m = x86_64
uname -r = 5.15.0-47-generic
uname -s = Linux
uname -v = #51-Ubuntu SMP Thu Aug 11 07:51:15 UTC 2022

/usr/bin/uname -p = x86_64
/bin/uname -X     = unknown

/bin/arch              = x86_64
/usr/bin/arch -k       = unknown
/usr/convex/getsysinfo = unknown
/usr/bin/hostinfo      = unknown
/bin/machine           = unknown
/usr/bin/oslevel       = unknown
/bin/universe          = unknown

PATH: /home/zxcv/Anaconda/ENTER/bin/
PATH: /home/zxcv/Anaconda/ENTER/condabin/
PATH: /usr/local/sbin/
PATH: /usr/local/bin/
PATH: /usr/sbin/
PATH: /usr/bin/
PATH: /sbin/
PATH: /bin/
PATH: /usr/games/
PATH: /usr/local/games/
PATH: /snap/bin/
PATH: /snap/bin/


## ----------- ##
## Core tests. ##
## ----------- ##

configure:2626: looking for aux files: config.guess config.sub ltmain.sh compile missing install-sh
configure:2639:  trying ./
configure:2668:   ./config.guess found
configure:2668:   ./config.sub found
configure:2668:   ./ltmain.sh found
configure:2668:   ./compile found
configure:2668:   ./missing found
configure:2650:   ./install-sh found
configure:2801: checking for a BSD-compatible install
configure:2874: result: /usr/bin/install -c
configure:2885: checking whether build environment is sane
configure:2940: result: yes
configure:3099: checking for a race-free mkdir -p
configure:3143: result: /usr/bin/mkdir -p
configure:3150: checking for gawk
configure:3185: result: no
configure:3150: checking for mawk
configure:3171: found /usr/bin/mawk
configure:3182: result: mawk
configure:3193: checking whether make sets $(MAKE)
configure:3216: result: yes
configure:3246: checking whether make supports nested variables
configure:3264: result: yes
configure:3464: checking for gcc
configure:3485: found /usr/bin/gcc
configure:3496: result: gcc
configure:3849: checking for C compiler version
configure:3858: gcc --version >&5
gcc (Ubuntu 11.2.0-19ubuntu1) 11.2.0
Copyright (C) 2021 Free Software Foundation, Inc.
This is free software; see the source for copying conditions.  There is NO
warranty; not even for MERCHANTABILITY or FITNESS FOR A PARTICULAR PURPOSE.

configure:3869: $? = 0
configure:3858: gcc -v >&5
Using built-in specs.
COLLECT_GCC=gcc
COLLECT_LTO_WRAPPER=/usr/lib/gcc/x86_64-linux-gnu/11/lto-wrapper
OFFLOAD_TARGET_NAMES=nvptx-none:amdgcn-amdhsa
OFFLOAD_TARGET_DEFAULT=1
Target: x86_64-linux-gnu
Configured with: ../src/configure -v --with-pkgversion='Ubuntu 11.2.0-19ubuntu1' --with-bugurl=file:///usr/share/doc/gcc-11/README.Bugs --enable-languages=c,ada,c++,go,brig,d,fortran,objc,obj-c++,m2 --prefix=/usr --with-gcc-major-version-only --program-suffix=-11 --program-prefix=x86_64-linux-gnu- --enable-shared --enable-linker-build-id --libexecdir=/usr/lib --without-included-gettext --enable-threads=posix --libdir=/usr/lib --enable-nls --enable-bootstrap --enable-clocale=gnu --enable-libstdcxx-debug --enable-libstdcxx-time=yes --with-default-libstdcxx-abi=new --enable-gnu-unique-object --disable-vtable-verify --enable-plugin --enable-default-pie --with-system-zlib --enable-libphobos-checking=release --with-target-system-zlib=auto --enable-objc-gc=auto --enable-multiarch --disable-werror --enable-cet --with-arch-32=i686 --with-abi=m64 --with-multilib-list=m32,m64,mx32 --enable-multilib --with-tune=generic --enable-offload-targets=nvptx-none=/build/gcc-11-gBFGDP/gcc-11-11.2.0/debian/tmp-nvptx/usr,amdgcn-amdhsa=/build/gcc-11-gBFGDP/gcc-11-11.2.0/debian/tmp-gcn/usr --without-cuda-driver --enable-checking=release --build=x86_64-linux-gnu --host=x86_64-linux-gnu --target=x86_64-linux-gnu --with-build-config=bootstrap-lto-lean --enable-link-serialization=2
Thread model: posix
Supported LTO compression algorithms: zlib zstd
gcc version 11.2.0 (Ubuntu 11.2.0-19ubuntu1) 
... rest of stderr output deleted ...
configure:3869: $? = 0
configure:3858: gcc -V >&5
gcc: error: unrecognized command-line option '-V'
gcc: fatal error: no input files
compilation terminated.
configure:3869: $? = 1
configure:3858: gcc -qversion >&5
gcc: error: unrecognized command-line option '-qversion'; did you mean '--version'?
gcc: fatal error: no input files
compilation terminated.
configure:3869: $? = 1
configure:3858: gcc -version >&5
gcc: error: unrecognized command-line option '-version'
gcc: fatal error: no input files
compilation terminated.
configure:3869: $? = 1
configure:3889: checking whether the C compiler works
configure:3911: gcc    conftest.c  >&5
configure:3915: $? = 0
configure:3965: result: yes
configure:3968: checking for C compiler default output file name
configure:3970: result: a.out
configure:3976: checking for suffix of executables
configure:3983: gcc -o conftest    conftest.c  >&5
configure:3987: $? = 0
configure:4010: result: 
configure:4032: checking whether we are cross compiling
configure:4040: gcc -o conftest    conftest.c  >&5
configure:4044: $? = 0
configure:4051: ./conftest
configure:4055: $? = 0
configure:4070: result: no
configure:4075: checking for suffix of object files
configure:4098: gcc -c   conftest.c >&5
configure:4102: $? = 0
configure:4124: result: o
configure:4128: checking whether the compiler supports GNU C
configure:4148: gcc -c   conftest.c >&5
configure:4148: $? = 0
configure:4158: result: yes
configure:4169: checking whether gcc accepts -g
configure:4190: gcc -c -g  conftest.c >&5
configure:4190: $? = 0
configure:4234: result: yes
configure:4254: checking for gcc option to enable C11 features
configure:4269: gcc  -c -g -O2  conftest.c >&5
configure:4269: $? = 0
configure:4287: result: none needed
configure:4403: checking whether gcc understands -c and -o together
configure:4426: gcc -c conftest.c -o conftest2.o
configure:4429: $? = 0
configure:4426: gcc -c conftest.c -o conftest2.o
configure:4429: $? = 0
configure:4441: result: yes
configure:4461: checking whether make supports the include directive
configure:4476: make -f confmf.GNU && cat confinc.out
this is the am__doit target
configure:4479: $? = 0
configure:4498: result: yes (GNU style)
configure:4524: checking dependency style of gcc
configure:4636: result: gcc3
configure:4683: checking build system type
configure:4698: result: x86_64-pc-linux-gnu
configure:4718: checking host system type
configure:4732: result: x86_64-pc-linux-gnu
configure:4773: checking how to print strings
configure:4800: result: printf
configure:4821: checking for a sed that does not truncate output
configure:4891: result: /usr/bin/sed
configure:4909: checking for grep that handles long lines and -e
configure:4973: result: /usr/bin/grep
configure:4978: checking for egrep
configure:5046: result: /usr/bin/grep -E
configure:5051: checking for fgrep
configure:5119: result: /usr/bin/grep -F
configure:5155: checking for ld used by gcc
configure:5223: result: /usr/bin/ld
configure:5230: checking if the linker (/usr/bin/ld) is GNU ld
configure:5246: result: yes
configure:5258: checking for BSD- or MS-compatible name lister (nm)
configure:5313: result: /usr/bin/nm -B
configure:5453: checking the name lister (/usr/bin/nm -B) interface
configure:5461: gcc -c -g -O2  conftest.c >&5
configure:5464: /usr/bin/nm -B "conftest.o"
configure:5467: output
0000000000000000 B some_variable
configure:5474: result: BSD nm
configure:5477: checking whether ln -s works
configure:5481: result: yes
configure:5489: checking the maximum length of command line arguments
configure:5621: result: 1572864
configure:5669: checking how to convert x86_64-pc-linux-gnu file names to x86_64-pc-linux-gnu format
configure:5710: result: func_convert_file_noop
configure:5717: checking how to convert x86_64-pc-linux-gnu file names to toolchain format
configure:5738: result: func_convert_file_noop
configure:5745: checking for /usr/bin/ld option to reload object files
configure:5753: result: -r
configure:5832: checking for objdump
configure:5853: found /usr/bin/objdump
configure:5864: result: objdump
configure:5896: checking how to recognize dependent libraries
configure:6097: result: pass_all
configure:6187: checking for dlltool
configure:6222: result: no
configure:6252: checking how to associate runtime and link libraries
configure:6280: result: printf %s\n
configure:6346: checking for ar
configure:6367: found /usr/bin/ar
configure:6378: result: ar
configure:6415: checking for archiver @FILE support
configure:6433: gcc -c -g -O2  conftest.c >&5
configure:6433: $? = 0
configure:6437: ar cr libconftest.a @conftest.lst >&5
configure:6440: $? = 0
configure:6445: ar cr libconftest.a @conftest.lst >&5
ar: conftest.o: No such file or directory
configure:6448: $? = 1
configure:6460: result: @
configure:6523: checking for strip
configure:6544: found /usr/bin/strip
configure:6555: result: strip
configure:6632: checking for ranlib
configure:6653: found /usr/bin/ranlib
configure:6664: result: ranlib
configure:6766: checking command to parse /usr/bin/nm -B output from gcc object
configure:6920: gcc -c -g -O2  conftest.c >&5
configure:6923: $? = 0
configure:6927: /usr/bin/nm -B conftest.o | sed -n -e 's/^.*[	 ]\([ABCDGIRSTW][ABCDGIRSTW]*\)[	 ][	 ]*\([_A-Za-z][_A-Za-z0-9]*\)$/\1 \2 \2/p' | sed '/ __gnu_lto/d' > conftest.nm
configure:6993: gcc -o conftest -g -O2   conftest.c conftstm.o >&5
configure:6996: $? = 0
configure:7034: result: ok
configure:7081: checking for sysroot
configure:7112: result: no
configure:7119: checking for a working dd
configure:7163: result: /usr/bin/dd
configure:7167: checking how to truncate binary pipes
configure:7183: result: /usr/bin/dd bs=4096 count=1
configure:7320: gcc -c -g -O2  conftest.c >&5
configure:7323: $? = 0
configure:7520: checking for mt
configure:7541: found /usr/bin/mt
configure:7552: result: mt
configure:7575: checking if mt is a manifest tool
configure:7582: mt '-?'
configure:7590: result: no
configure:8320: checking for stdio.h
configure:8320: gcc -c -g -O2  conftest.c >&5
configure:8320: $? = 0
configure:8320: result: yes
configure:8320: checking for stdlib.h
configure:8320: gcc -c -g -O2  conftest.c >&5
configure:8320: $? = 0
configure:8320: result: yes
configure:8320: checking for string.h
configure:8320: gcc -c -g -O2  conftest.c >&5
configure:8320: $? = 0
configure:8320: result: yes
configure:8320: checking for inttypes.h
configure:8320: gcc -c -g -O2  conftest.c >&5
configure:8320: $? = 0
configure:8320: result: yes
configure:8320: checking for stdint.h
configure:8320: gcc -c -g -O2  conftest.c >&5
configure:8320: $? = 0
configure:8320: result: yes
configure:8320: checking for strings.h
configure:8320: gcc -c -g -O2  conftest.c >&5
configure:8320: $? = 0
configure:8320: result: yes
configure:8320: checking for sys/stat.h
configure:8320: gcc -c -g -O2  conftest.c >&5
configure:8320: $? = 0
configure:8320: result: yes
configure:8320: checking for sys/types.h
configure:8320: gcc -c -g -O2  conftest.c >&5
configure:8320: $? = 0
configure:8320: result: yes
configure:8320: checking for unistd.h
configure:8320: gcc -c -g -O2  conftest.c >&5
configure:8320: $? = 0
configure:8320: result: yes
configure:8320: checking for sys/param.h
configure:8320: gcc -c -g -O2  conftest.c >&5
configure:8320: $? = 0
configure:8320: result: yes
configure:8345: checking for dlfcn.h
configure:8345: gcc -c -g -O2  conftest.c >&5
configure:8345: $? = 0
configure:8345: result: yes
configure:8604: checking for objdir
configure:8620: result: .libs
configure:8884: checking if gcc supports -fno-rtti -fno-exceptions
configure:8903: gcc -c -g -O2  -fno-rtti -fno-exceptions conftest.c >&5
cc1: warning: command-line option '-fno-rtti' is valid for C++/D/ObjC++ but not for C
configure:8907: $? = 0
configure:8920: result: no
configure:9284: checking for gcc option to produce PIC
configure:9292: result: -fPIC -DPIC
configure:9300: checking if gcc PIC flag -fPIC -DPIC works
configure:9319: gcc -c -g -O2  -fPIC -DPIC -DPIC conftest.c >&5
configure:9323: $? = 0
configure:9336: result: yes
configure:9365: checking if gcc static flag -static works
configure:9394: result: yes
configure:9409: checking if gcc supports -c -o file.o
configure:9431: gcc -c -g -O2  -o out/conftest2.o conftest.c >&5
configure:9435: $? = 0
configure:9457: result: yes
configure:9465: checking if gcc supports -c -o file.o
configure:9513: result: yes
configure:9546: checking whether the gcc linker (/usr/bin/ld -m elf_x86_64) supports shared libraries
configure:10816: result: yes
configure:10853: checking whether -lc should be explicitly linked in
configure:10862: gcc -c -g -O2  conftest.c >&5
configure:10865: $? = 0
configure:10880: gcc -shared  -fPIC -DPIC conftest.o  -v -Wl,-soname -Wl,conftest -o conftest 2\>\&1 \| /usr/bin/grep  -lc  \>/dev/null 2\>\&1
configure:10883: $? = 0
configure:10897: result: no
configure:11057: checking dynamic linker characteristics
configure:11639: gcc -o conftest -g -O2   -Wl,-rpath -Wl,/foo conftest.c  >&5
configure:11639: $? = 0
configure:11890: result: GNU/Linux ld.so
configure:12012: checking how to hardcode library paths into programs
configure:12037: result: immediate
configure:12589: checking whether stripping libraries is possible
configure:12594: result: yes
configure:12629: checking if libtool supports shared libraries
configure:12631: result: yes
configure:12634: checking whether to build shared libraries
configure:12659: result: yes
configure:12662: checking whether to build static libraries
configure:12666: result: yes
configure:12707: checking for visibility support
configure:12733: gcc -c -g -O2 -Werror -fvisibility=hidden  conftest.c >&5
configure:12733: $? = 0
configure:12743: result: yes
configure:12774: checking CFLAGS for gcc -Wall
configure:12802: gcc -c -g -O2 -fvisibility=hidden -pedantic -Werror  -Wall  conftest.c >&5
configure:12802: $? = 0
configure:12817: result: -Wall
configure:12830: : CFLAGS="$CFLAGS $var"
configure:12833: $? = 0
configure:12840: checking CFLAGS for gcc -Wwrite-strings
configure:12868: gcc -c -g -O2 -fvisibility=hidden -Wall -pedantic -Werror  -Wwrite-strings  conftest.c >&5
configure:12868: $? = 0
configure:12883: result: -Wwrite-strings
configure:12896: : CFLAGS="$CFLAGS $var"
configure:12899: $? = 0
configure:12906: checking CFLAGS for gcc -Wsign-compare
configure:12934: gcc -c -g -O2 -fvisibility=hidden -Wall -Wwrite-strings -pedantic -Werror  -Wsign-compare  conftest.c >&5
configure:12934: $? = 0
configure:12949: result: -Wsign-compare
configure:12962: : CFLAGS="$CFLAGS $var"
configure:12965: $? = 0
configure:12972: checking CFLAGS for gcc -Wcast-align
configure:13000: gcc -c -g -O2 -fvisibility=hidden -Wall -Wwrite-strings -Wsign-compare -pedantic -Werror  -Wcast-align  conftest.c >&5
configure:13000: $? = 0
configure:13015: result: -Wcast-align
configure:13028: : CFLAGS="$CFLAGS $var"
configure:13031: $? = 0
configure:13038: checking CFLAGS for gcc -Wextra
configure:13066: gcc -c -g -O2 -fvisibility=hidden -Wall -Wwrite-strings -Wsign-compare -Wcast-align -pedantic -Werror  -Wextra  conftest.c >&5
configure:13066: $? = 0
configure:13081: result: -Wextra
configure:13094: : CFLAGS="$CFLAGS $var"
configure:13097: $? = 0
configure:13104: checking CFLAGS for gcc -Wformat
configure:13132: gcc -c -g -O2 -fvisibility=hidden -Wall -Wwrite-strings -Wsign-compare -Wcast-align -Wextra -pedantic -Werror  -Wformat  conftest.c >&5
configure:13132: $? = 0
configure:13147: result: -Wformat
configure:13160: : CFLAGS="$CFLAGS $var"
configure:13163: $? = 0
configure:13170: checking CFLAGS for gcc -Wformat-security
configure:13198: gcc -c -g -O2 -fvisibility=hidden -Wall -Wwrite-strings -Wsign-compare -Wcast-align -Wextra -Wformat -pedantic -Werror  -Wformat-security  conftest.c >&5
configure:13198: $? = 0
configure:13213: result: -Wformat-security
configure:13226: : CFLAGS="$CFLAGS $var"
configure:13229: $? = 0
configure:13236: checking CFLAGS for gcc -Wno-unused-parameter
configure:13264: gcc -c -g -O2 -fvisibility=hidden -Wall -Wwrite-strings -Wsign-compare -Wcast-align -Wextra -Wformat -Wformat-security -pedantic -Werror  -Wno-unused-parameter  conftest.c >&5
configure:13264: $? = 0
configure:13279: result: -Wno-unused-parameter
configure:13292: : CFLAGS="$CFLAGS $var"
configure:13295: $? = 0
configure:13302: checking CFLAGS for gcc -fno-strict-aliasing
configure:13330: gcc -c -g -O2 -fvisibility=hidden -Wall -Wwrite-strings -Wsign-compare -Wcast-align -Wextra -Wformat -Wformat-security -Wno-unused-parameter -pedantic -Werror  -fno-strict-aliasing  conftest.c >&5
configure:13330: $? = 0
configure:13345: result: -fno-strict-aliasing
configure:13358: : CFLAGS="$CFLAGS $var"
configure:13361: $? = 0
configure:13368: checking CFLAGS for gcc -fdiagnostics-show-option
configure:13396: gcc -c -g -O2 -fvisibility=hidden -Wall -Wwrite-strings -Wsign-compare -Wcast-align -Wextra -Wformat -Wformat-security -Wno-unused-parameter -fno-strict-aliasing -pedantic -Werror  -fdiagnostics-show-option  conftest.c >&5
configure:13396: $? = 0
configure:13411: result: -fdiagnostics-show-option
configure:13424: : CFLAGS="$CFLAGS $var"
configure:13427: $? = 0
configure:13434: checking CFLAGS for gcc -pedantic -std=c99 -D_GNU_SOURCE
configure:13462: gcc -c -g -O2 -fvisibility=hidden -Wall -Wwrite-strings -Wsign-compare -Wcast-align -Wextra -Wformat -Wformat-security -Wno-unused-parameter -fno-strict-aliasing -fdiagnostics-show-option -pedantic -Werror  -pedantic -std=c99 -D_GNU_SOURCE  conftest.c >&5
configure:13462: $? = 0
configure:13477: result: -pedantic -std=c99 -D_GNU_SOURCE
configure:13490: : CFLAGS="$CFLAGS $var"
configure:13493: $? = 0
configure:13513: checking for getaddrinfo
configure:13513: gcc -o conftest -g -O2 -fvisibility=hidden -Wall -Wwrite-strings -Wsign-compare -Wcast-align -Wextra -Wformat -Wformat-security -Wno-unused-parameter -fno-strict-aliasing -fdiagnostics-show-option -pedantic -std=c99 -D_GNU_SOURCE   conftest.c  >&5
configure:13513: $? = 0
configure:13513: result: yes
configure:13556: checking for flex
configure:13577: found /usr/bin/flex
configure:13588: result: flex
configure:13603: checking for flex 2.4 or higher
configure:13616: result: yes
configure:13632: checking for bison
configure:13653: found /usr/bin/bison
configure:13664: result: bison
configure:13824: checking for linux/if_ether.h
configure:13824: gcc -c -g -O2 -fvisibility=hidden -Wall -Wwrite-strings -Wsign-compare -Wcast-align -Wextra -Wformat -Wformat-security -Wno-unused-parameter -fno-strict-aliasing -fdiagnostics-show-option -pedantic -std=c99 -D_GNU_SOURCE  -I/usr/include conftest.c >&5
configure:13824: $? = 0
configure:13824: result: yes
configure:13824: checking for linux/if_packet.h
configure:13824: gcc -c -g -O2 -fvisibility=hidden -Wall -Wwrite-strings -Wsign-compare -Wcast-align -Wextra -Wformat -Wformat-security -Wno-unused-parameter -fno-strict-aliasing -fdiagnostics-show-option -pedantic -std=c99 -D_GNU_SOURCE  -I/usr/include conftest.c >&5
configure:13824: $? = 0
configure:13824: result: yes
configure:13836: checking for gcc options needed to detect all undeclared functions
configure:13858: gcc -c -g -O2 -fvisibility=hidden -Wall -Wwrite-strings -Wsign-compare -Wcast-align -Wextra -Wformat -Wformat-security -Wno-unused-parameter -fno-strict-aliasing -fdiagnostics-show-option -pedantic -std=c99 -D_GNU_SOURCE   -I/usr/include conftest.c >&5
conftest.c: In function 'main':
conftest.c:32:8: error: 'strchr' undeclared (first use in this function)
   32 | (void) strchr;
      |        ^~~~~~
conftest.c:1:1: note: 'strchr' is defined in header '<string.h>'; did you forget to '#include <string.h>'?
    1 | /* confdefs.h */
conftest.c:32:8: note: each undeclared identifier is reported only once for each function it appears in
   32 | (void) strchr;
      |        ^~~~~~
configure:13858: $? = 1
configure: failed program was:
| /* confdefs.h */
| #define PACKAGE_NAME "daq"
| #define PACKAGE_TARNAME "daq"
| #define PACKAGE_VERSION "2.0.7"
| #define PACKAGE_STRING "daq 2.0.7"
| #define PACKAGE_BUGREPORT "snort-team@sourcefire.com"
| #define PACKAGE_URL ""
| #define PACKAGE "daq"
| #define VERSION "2.0.7"
| #define HAVE_STDIO_H 1
| #define HAVE_STDLIB_H 1
| #define HAVE_STRING_H 1
| #define HAVE_INTTYPES_H 1
| #define HAVE_STDINT_H 1
| #define HAVE_STRINGS_H 1
| #define HAVE_SYS_STAT_H 1
| #define HAVE_SYS_TYPES_H 1
| #define HAVE_UNISTD_H 1
| #define HAVE_SYS_PARAM_H 1
| #define STDC_HEADERS 1
| #define HAVE_DLFCN_H 1
| #define LT_OBJDIR ".libs/"
| #define HAVE_VISIBILITY 1
| #define INET6 1
| #define HAVE_LINUX_IF_ETHER_H 1
| #define HAVE_LINUX_IF_PACKET_H 1
| /* end confdefs.h.  */
| 
| int
| main (void)
| {
| (void) strchr;
|   ;
|   return 0;
| }
configure:13885: gcc -c -g -O2 -fvisibility=hidden -Wall -Wwrite-strings -Wsign-compare -Wcast-align -Wextra -Wformat -Wformat-security -Wno-unused-parameter -fno-strict-aliasing -fdiagnostics-show-option -pedantic -std=c99 -D_GNU_SOURCE   -I/usr/include conftest.c >&5
configure:13885: $? = 0
configure:13902: result: none needed
configure:13916: checking whether TPACKET2_HDRLEN is declared
configure:13916: gcc -c -g -O2 -fvisibility=hidden -Wall -Wwrite-strings -Wsign-compare -Wcast-align -Wextra -Wformat -Wformat-security -Wno-unused-parameter -fno-strict-aliasing -fdiagnostics-show-option -pedantic -std=c99 -D_GNU_SOURCE   -I/usr/include conftest.c >&5
configure:13916: $? = 0
configure:13916: result: yes
configure:13931: checking whether PACKET_TX_RING is declared
configure:13931: gcc -c -g -O2 -fvisibility=hidden -Wall -Wwrite-strings -Wsign-compare -Wcast-align -Wextra -Wformat -Wformat-security -Wno-unused-parameter -fno-strict-aliasing -fdiagnostics-show-option -pedantic -std=c99 -D_GNU_SOURCE   -I/usr/include conftest.c >&5
configure:13931: $? = 0
configure:13931: result: yes
configure:13970: checking for pcap.h
configure:13970: gcc -c -g -O2 -fvisibility=hidden -Wall -Wwrite-strings -Wsign-compare -Wcast-align -Wextra -Wformat -Wformat-security -Wno-unused-parameter -fno-strict-aliasing -fdiagnostics-show-option -pedantic -std=c99 -D_GNU_SOURCE  -I/usr/include conftest.c >&5
configure:13970: $? = 0
configure:13970: result: yes
configure:13978: checking for pcap_lib_version in -lpcap
configure:14001: gcc -o conftest -g -O2 -fvisibility=hidden -Wall -Wwrite-strings -Wsign-compare -Wcast-align -Wextra -Wformat -Wformat-security -Wno-unused-parameter -fno-strict-aliasing -fdiagnostics-show-option -pedantic -std=c99 -D_GNU_SOURCE  -I/usr/include  conftest.c -lpcap   >&5
configure:14001: $? = 0
configure:14011: result: yes
configure:14070: checking for netinet/in.h
configure:14070: gcc -c -g -O2 -fvisibility=hidden -Wall -Wwrite-strings -Wsign-compare -Wcast-align -Wextra -Wformat -Wformat-security -Wno-unused-parameter -fno-strict-aliasing -fdiagnostics-show-option -pedantic -std=c99 -D_GNU_SOURCE  -I/usr/include conftest.c >&5
configure:14070: $? = 0
configure:14070: result: yes
configure:14070: checking for libipq.h
configure:14070: gcc -c -g -O2 -fvisibility=hidden -Wall -Wwrite-strings -Wsign-compare -Wcast-align -Wextra -Wformat -Wformat-security -Wno-unused-parameter -fno-strict-aliasing -fdiagnostics-show-option -pedantic -std=c99 -D_GNU_SOURCE  -I/usr/include conftest.c >&5
conftest.c:60:10: fatal error: libipq.h: No such file or directory
   60 | #include <libipq.h>
      |          ^~~~~~~~~~
compilation terminated.
configure:14070: $? = 1
configure: failed program was:
| /* confdefs.h */
| #define PACKAGE_NAME "daq"
| #define PACKAGE_TARNAME "daq"
| #define PACKAGE_VERSION "2.0.7"
| #define PACKAGE_STRING "daq 2.0.7"
| #define PACKAGE_BUGREPORT "snort-team@sourcefire.com"
| #define PACKAGE_URL ""
| #define PACKAGE "daq"
| #define VERSION "2.0.7"
| #define HAVE_STDIO_H 1
| #define HAVE_STDLIB_H 1
| #define HAVE_STRING_H 1
| #define HAVE_INTTYPES_H 1
| #define HAVE_STDINT_H 1
| #define HAVE_STRINGS_H 1
| #define HAVE_SYS_STAT_H 1
| #define HAVE_SYS_TYPES_H 1
| #define HAVE_UNISTD_H 1
| #define HAVE_SYS_PARAM_H 1
| #define STDC_HEADERS 1
| #define HAVE_DLFCN_H 1
| #define LT_OBJDIR ".libs/"
| #define HAVE_VISIBILITY 1
| #define INET6 1
| #define HAVE_LINUX_IF_ETHER_H 1
| #define HAVE_LINUX_IF_PACKET_H 1
| #define HAVE_DECL_TPACKET2_HDRLEN 1
| #define HAVE_DECL_PACKET_TX_RING 1
| #define HAVE_LIBPCAP 1
| #define HAVE_NETINET_IN_H 1
| /* end confdefs.h.  */
| #include <stddef.h>
| #ifdef HAVE_STDIO_H
| # include <stdio.h>
| #endif
| #ifdef HAVE_STDLIB_H
| # include <stdlib.h>
| #endif
| #ifdef HAVE_STRING_H
| # include <string.h>
| #endif
| #ifdef HAVE_INTTYPES_H
| # include <inttypes.h>
| #endif
| #ifdef HAVE_STDINT_H
| # include <stdint.h>
| #endif
| #ifdef HAVE_STRINGS_H
| # include <strings.h>
| #endif
| #ifdef HAVE_SYS_TYPES_H
| # include <sys/types.h>
| #endif
| #ifdef HAVE_SYS_STAT_H
| # include <sys/stat.h>
| #endif
| #ifdef HAVE_UNISTD_H
| # include <unistd.h>
| #endif
| #include <libipq.h>
configure:14070: result: no
configure:14082: checking for linux/netfilter.h
configure:14082: gcc -c -g -O2 -fvisibility=hidden -Wall -Wwrite-strings -Wsign-compare -Wcast-align -Wextra -Wformat -Wformat-security -Wno-unused-parameter -fno-strict-aliasing -fdiagnostics-show-option -pedantic -std=c99 -D_GNU_SOURCE  -I/usr/include conftest.c >&5
configure:14082: $? = 0
configure:14082: result: yes
configure:14119: checking for netinet/in.h
configure:14119: result: yes
configure:14119: checking for libnetfilter_queue/libnetfilter_queue.h
configure:14119: gcc -c -g -O2 -fvisibility=hidden -Wall -Wwrite-strings -Wsign-compare -Wcast-align -Wextra -Wformat -Wformat-security -Wno-unused-parameter -fno-strict-aliasing -fdiagnostics-show-option -pedantic -std=c99 -D_GNU_SOURCE  -I/usr/include conftest.c >&5
conftest.c:61:10: fatal error: libnetfilter_queue/libnetfilter_queue.h: No such file or directory
   61 | #include <libnetfilter_queue/libnetfilter_queue.h>
      |          ^~~~~~~~~~~~~~~~~~~~~~~~~~~~~~~~~~~~~~~~~
compilation terminated.
configure:14119: $? = 1
configure: failed program was:
| /* confdefs.h */
| #define PACKAGE_NAME "daq"
| #define PACKAGE_TARNAME "daq"
| #define PACKAGE_VERSION "2.0.7"
| #define PACKAGE_STRING "daq 2.0.7"
| #define PACKAGE_BUGREPORT "snort-team@sourcefire.com"
| #define PACKAGE_URL ""
| #define PACKAGE "daq"
| #define VERSION "2.0.7"
| #define HAVE_STDIO_H 1
| #define HAVE_STDLIB_H 1
| #define HAVE_STRING_H 1
| #define HAVE_INTTYPES_H 1
| #define HAVE_STDINT_H 1
| #define HAVE_STRINGS_H 1
| #define HAVE_SYS_STAT_H 1
| #define HAVE_SYS_TYPES_H 1
| #define HAVE_UNISTD_H 1
| #define HAVE_SYS_PARAM_H 1
| #define STDC_HEADERS 1
| #define HAVE_DLFCN_H 1
| #define LT_OBJDIR ".libs/"
| #define HAVE_VISIBILITY 1
| #define INET6 1
| #define HAVE_LINUX_IF_ETHER_H 1
| #define HAVE_LINUX_IF_PACKET_H 1
| #define HAVE_DECL_TPACKET2_HDRLEN 1
| #define HAVE_DECL_PACKET_TX_RING 1
| #define HAVE_LIBPCAP 1
| #define HAVE_NETINET_IN_H 1
| #define HAVE_NETINET_IN_H 1
| /* end confdefs.h.  */
| #include <stddef.h>
| #ifdef HAVE_STDIO_H
| # include <stdio.h>
| #endif
| #ifdef HAVE_STDLIB_H
| # include <stdlib.h>
| #endif
| #ifdef HAVE_STRING_H
| # include <string.h>
| #endif
| #ifdef HAVE_INTTYPES_H
| # include <inttypes.h>
| #endif
| #ifdef HAVE_STDINT_H
| # include <stdint.h>
| #endif
| #ifdef HAVE_STRINGS_H
| # include <strings.h>
| #endif
| #ifdef HAVE_SYS_TYPES_H
| # include <sys/types.h>
| #endif
| #ifdef HAVE_SYS_STAT_H
| # include <sys/stat.h>
| #endif
| #ifdef HAVE_UNISTD_H
| # include <unistd.h>
| #endif
| #include <libnetfilter_queue/libnetfilter_queue.h>
configure:14119: result: no
configure:14131: checking for linux/netfilter.h
configure:14131: result: yes
configure:14165: checking for pcap.h
configure:14165: result: yes
configure:14175: checking for pcap_lib_version
configure:14177: checking for pcap_lib_version in -lpcap
configure:14210: result: yes
configure:14226: checking for libpcap version >= "1.0.0"
configure:14258: gcc -o conftest -g -O2 -fvisibility=hidden -Wall -Wwrite-strings -Wsign-compare -Wcast-align -Wextra -Wformat -Wformat-security -Wno-unused-parameter -fno-strict-aliasing -fdiagnostics-show-option -pedantic -std=c99 -D_GNU_SOURCE  -I/usr/include  conftest.c -lpcap -lpcap  >&5
configure:14258: $? = 0
configure:14258: ./conftest
configure:14258: $? = 0
configure:14269: result: yes
configure:14305: checking for net/netmap.h
configure:14305: gcc -c -g -O2 -fvisibility=hidden -Wall -Wwrite-strings -Wsign-compare -Wcast-align -Wextra -Wformat -Wformat-security -Wno-unused-parameter -fno-strict-aliasing -fdiagnostics-show-option -pedantic -std=c99 -D_GNU_SOURCE  -I/usr/include conftest.c >&5
conftest.c:39:10: fatal error: net/netmap.h: No such file or directory
   39 | #include <net/netmap.h>
      |          ^~~~~~~~~~~~~~
compilation terminated.
configure:14305: $? = 1
configure: failed program was:
| /* confdefs.h */
| #define PACKAGE_NAME "daq"
| #define PACKAGE_TARNAME "daq"
| #define PACKAGE_VERSION "2.0.7"
| #define PACKAGE_STRING "daq 2.0.7"
| #define PACKAGE_BUGREPORT "snort-team@sourcefire.com"
| #define PACKAGE_URL ""
| #define PACKAGE "daq"
| #define VERSION "2.0.7"
| #define HAVE_STDIO_H 1
| #define HAVE_STDLIB_H 1
| #define HAVE_STRING_H 1
| #define HAVE_INTTYPES_H 1
| #define HAVE_STDINT_H 1
| #define HAVE_STRINGS_H 1
| #define HAVE_SYS_STAT_H 1
| #define HAVE_SYS_TYPES_H 1
| #define HAVE_UNISTD_H 1
| #define HAVE_SYS_PARAM_H 1
| #define STDC_HEADERS 1
| #define HAVE_DLFCN_H 1
| #define LT_OBJDIR ".libs/"
| #define HAVE_VISIBILITY 1
| #define INET6 1
| #define HAVE_LINUX_IF_ETHER_H 1
| #define HAVE_LINUX_IF_PACKET_H 1
| #define HAVE_DECL_TPACKET2_HDRLEN 1
| #define HAVE_DECL_PACKET_TX_RING 1
| #define HAVE_LIBPCAP 1
| #define HAVE_NETINET_IN_H 1
| #define HAVE_NETINET_IN_H 1
| /* end confdefs.h.  */
| 
|                       #include <stdint.h>
|                       #include <sys/socket.h>
|                       #include <net/if.h>
| 
| 
| #include <net/netmap.h>
configure:14305: result: no
configure:14305: checking for net/netmap_user.h
configure:14305: gcc -c -g -O2 -fvisibility=hidden -Wall -Wwrite-strings -Wsign-compare -Wcast-align -Wextra -Wformat -Wformat-security -Wno-unused-parameter -fno-strict-aliasing -fdiagnostics-show-option -pedantic -std=c99 -D_GNU_SOURCE  -I/usr/include conftest.c >&5
conftest.c:39:10: fatal error: net/netmap_user.h: No such file or directory
   39 | #include <net/netmap_user.h>
      |          ^~~~~~~~~~~~~~~~~~~
compilation terminated.
configure:14305: $? = 1
configure: failed program was:
| /* confdefs.h */
| #define PACKAGE_NAME "daq"
| #define PACKAGE_TARNAME "daq"
| #define PACKAGE_VERSION "2.0.7"
| #define PACKAGE_STRING "daq 2.0.7"
| #define PACKAGE_BUGREPORT "snort-team@sourcefire.com"
| #define PACKAGE_URL ""
| #define PACKAGE "daq"
| #define VERSION "2.0.7"
| #define HAVE_STDIO_H 1
| #define HAVE_STDLIB_H 1
| #define HAVE_STRING_H 1
| #define HAVE_INTTYPES_H 1
| #define HAVE_STDINT_H 1
| #define HAVE_STRINGS_H 1
| #define HAVE_SYS_STAT_H 1
| #define HAVE_SYS_TYPES_H 1
| #define HAVE_UNISTD_H 1
| #define HAVE_SYS_PARAM_H 1
| #define STDC_HEADERS 1
| #define HAVE_DLFCN_H 1
| #define LT_OBJDIR ".libs/"
| #define HAVE_VISIBILITY 1
| #define INET6 1
| #define HAVE_LINUX_IF_ETHER_H 1
| #define HAVE_LINUX_IF_PACKET_H 1
| #define HAVE_DECL_TPACKET2_HDRLEN 1
| #define HAVE_DECL_PACKET_TX_RING 1
| #define HAVE_LIBPCAP 1
| #define HAVE_NETINET_IN_H 1
| #define HAVE_NETINET_IN_H 1
| /* end confdefs.h.  */
| 
|                       #include <stdint.h>
|                       #include <sys/socket.h>
|                       #include <net/if.h>
| 
| 
| #include <net/netmap_user.h>
configure:14305: result: no
configure:14322: checking whether NETMAP_API is declared
configure:14322: gcc -c -g -O2 -fvisibility=hidden -Wall -Wwrite-strings -Wsign-compare -Wcast-align -Wextra -Wformat -Wformat-security -Wno-unused-parameter -fno-strict-aliasing -fdiagnostics-show-option -pedantic -std=c99 -D_GNU_SOURCE   -I/usr/include conftest.c >&5
conftest.c:37:29: fatal error: net/netmap.h: No such file or directory
   37 |                    #include <net/netmap.h>
      |                             ^~~~~~~~~~~~~~
compilation terminated.
configure:14322: $? = 1
configure: failed program was:
| /* confdefs.h */
| #define PACKAGE_NAME "daq"
| #define PACKAGE_TARNAME "daq"
| #define PACKAGE_VERSION "2.0.7"
| #define PACKAGE_STRING "daq 2.0.7"
| #define PACKAGE_BUGREPORT "snort-team@sourcefire.com"
| #define PACKAGE_URL ""
| #define PACKAGE "daq"
| #define VERSION "2.0.7"
| #define HAVE_STDIO_H 1
| #define HAVE_STDLIB_H 1
| #define HAVE_STRING_H 1
| #define HAVE_INTTYPES_H 1
| #define HAVE_STDINT_H 1
| #define HAVE_STRINGS_H 1
| #define HAVE_SYS_STAT_H 1
| #define HAVE_SYS_TYPES_H 1
| #define HAVE_UNISTD_H 1
| #define HAVE_SYS_PARAM_H 1
| #define STDC_HEADERS 1
| #define HAVE_DLFCN_H 1
| #define LT_OBJDIR ".libs/"
| #define HAVE_VISIBILITY 1
| #define INET6 1
| #define HAVE_LINUX_IF_ETHER_H 1
| #define HAVE_LINUX_IF_PACKET_H 1
| #define HAVE_DECL_TPACKET2_HDRLEN 1
| #define HAVE_DECL_PACKET_TX_RING 1
| #define HAVE_LIBPCAP 1
| #define HAVE_NETINET_IN_H 1
| #define HAVE_NETINET_IN_H 1
| /* end confdefs.h.  */
| 
|                    #include <stdint.h>
|                    #include <sys/socket.h>
|                    #include <net/if.h>
|                    #include <net/netmap.h>
| 
| 
| int
| main (void)
| {
| #ifndef NETMAP_API
| #ifdef __cplusplus
|   (void) NETMAP_API;
| #else
|   (void) NETMAP_API;
| #endif
| #endif
| 
|   ;
|   return 0;
| }
configure:14322: result: no
configure:14514: checking for dlopen in -ldl
configure:14537: gcc -o conftest -g -O2 -fvisibility=hidden -Wall -Wwrite-strings -Wsign-compare -Wcast-align -Wextra -Wformat -Wformat-security -Wno-unused-parameter -fno-strict-aliasing -fdiagnostics-show-option -pedantic -std=c99 -D_GNU_SOURCE  -I/usr/include  conftest.c -ldl   >&5
configure:14537: $? = 0
configure:14547: result: yes
configure:14565: checking for inttypes.h
configure:14565: result: yes
configure:14571: checking for memory.h
configure:14571: gcc -c -g -O2 -fvisibility=hidden -Wall -Wwrite-strings -Wsign-compare -Wcast-align -Wextra -Wformat -Wformat-security -Wno-unused-parameter -fno-strict-aliasing -fdiagnostics-show-option -pedantic -std=c99 -D_GNU_SOURCE  -I/usr/include conftest.c >&5
configure:14571: $? = 0
configure:14571: result: yes
configure:14577: checking for netdb.h
configure:14577: gcc -c -g -O2 -fvisibility=hidden -Wall -Wwrite-strings -Wsign-compare -Wcast-align -Wextra -Wformat -Wformat-security -Wno-unused-parameter -fno-strict-aliasing -fdiagnostics-show-option -pedantic -std=c99 -D_GNU_SOURCE  -I/usr/include conftest.c >&5
configure:14577: $? = 0
configure:14577: result: yes
configure:14583: checking for netinet/in.h
configure:14583: result: yes
configure:14589: checking for stdint.h
configure:14589: result: yes
configure:14595: checking for stdlib.h
configure:14595: result: yes
configure:14601: checking for string.h
configure:14601: result: yes
configure:14607: checking for sys/ioctl.h
configure:14607: gcc -c -g -O2 -fvisibility=hidden -Wall -Wwrite-strings -Wsign-compare -Wcast-align -Wextra -Wformat -Wformat-security -Wno-unused-parameter -fno-strict-aliasing -fdiagnostics-show-option -pedantic -std=c99 -D_GNU_SOURCE  -I/usr/include conftest.c >&5
configure:14607: $? = 0
configure:14607: result: yes
configure:14613: checking for sys/param.h
configure:14613: result: yes
configure:14619: checking for sys/socket.h
configure:14619: gcc -c -g -O2 -fvisibility=hidden -Wall -Wwrite-strings -Wsign-compare -Wcast-align -Wextra -Wformat -Wformat-security -Wno-unused-parameter -fno-strict-aliasing -fdiagnostics-show-option -pedantic -std=c99 -D_GNU_SOURCE  -I/usr/include conftest.c >&5
configure:14619: $? = 0
configure:14619: result: yes
configure:14625: checking for sys/time.h
configure:14625: gcc -c -g -O2 -fvisibility=hidden -Wall -Wwrite-strings -Wsign-compare -Wcast-align -Wextra -Wformat -Wformat-security -Wno-unused-parameter -fno-strict-aliasing -fdiagnostics-show-option -pedantic -std=c99 -D_GNU_SOURCE  -I/usr/include conftest.c >&5
configure:14625: $? = 0
configure:14625: result: yes
configure:14631: checking for unistd.h
configure:14631: result: yes
configure:14640: checking for inline
configure:14657: gcc -c -g -O2 -fvisibility=hidden -Wall -Wwrite-strings -Wsign-compare -Wcast-align -Wextra -Wformat -Wformat-security -Wno-unused-parameter -fno-strict-aliasing -fdiagnostics-show-option -pedantic -std=c99 -D_GNU_SOURCE  -I/usr/include conftest.c >&5
configure:14657: $? = 0
configure:14666: result: inline
configure:14684: checking for size_t
configure:14684: gcc -c -g -O2 -fvisibility=hidden -Wall -Wwrite-strings -Wsign-compare -Wcast-align -Wextra -Wformat -Wformat-security -Wno-unused-parameter -fno-strict-aliasing -fdiagnostics-show-option -pedantic -std=c99 -D_GNU_SOURCE  -I/usr/include conftest.c >&5
configure:14684: $? = 0
configure:14684: gcc -c -g -O2 -fvisibility=hidden -Wall -Wwrite-strings -Wsign-compare -Wcast-align -Wextra -Wformat -Wformat-security -Wno-unused-parameter -fno-strict-aliasing -fdiagnostics-show-option -pedantic -std=c99 -D_GNU_SOURCE  -I/usr/include conftest.c >&5
conftest.c: In function 'main':
conftest.c:76:21: error: expected expression before ')' token
   76 | if (sizeof ((size_t)))
      |                     ^
configure:14684: $? = 1
configure: failed program was:
| /* confdefs.h */
| #define PACKAGE_NAME "daq"
| #define PACKAGE_TARNAME "daq"
| #define PACKAGE_VERSION "2.0.7"
| #define PACKAGE_STRING "daq 2.0.7"
| #define PACKAGE_BUGREPORT "snort-team@sourcefire.com"
| #define PACKAGE_URL ""
| #define PACKAGE "daq"
| #define VERSION "2.0.7"
| #define HAVE_STDIO_H 1
| #define HAVE_STDLIB_H 1
| #define HAVE_STRING_H 1
| #define HAVE_INTTYPES_H 1
| #define HAVE_STDINT_H 1
| #define HAVE_STRINGS_H 1
| #define HAVE_SYS_STAT_H 1
| #define HAVE_SYS_TYPES_H 1
| #define HAVE_UNISTD_H 1
| #define HAVE_SYS_PARAM_H 1
| #define STDC_HEADERS 1
| #define HAVE_DLFCN_H 1
| #define LT_OBJDIR ".libs/"
| #define HAVE_VISIBILITY 1
| #define INET6 1
| #define HAVE_LINUX_IF_ETHER_H 1
| #define HAVE_LINUX_IF_PACKET_H 1
| #define HAVE_DECL_TPACKET2_HDRLEN 1
| #define HAVE_DECL_PACKET_TX_RING 1
| #define HAVE_LIBPCAP 1
| #define HAVE_NETINET_IN_H 1
| #define HAVE_NETINET_IN_H 1
| #define HAVE_INTTYPES_H 1
| #define HAVE_MEMORY_H 1
| #define HAVE_NETDB_H 1
| #define HAVE_NETINET_IN_H 1
| #define HAVE_STDINT_H 1
| #define HAVE_STDLIB_H 1
| #define HAVE_STRING_H 1
| #define HAVE_SYS_IOCTL_H 1
| #define HAVE_SYS_PARAM_H 1
| #define HAVE_SYS_SOCKET_H 1
| #define HAVE_SYS_TIME_H 1
| #define HAVE_UNISTD_H 1
| /* end confdefs.h.  */
| #include <stddef.h>
| #ifdef HAVE_STDIO_H
| # include <stdio.h>
| #endif
| #ifdef HAVE_STDLIB_H
| # include <stdlib.h>
| #endif
| #ifdef HAVE_STRING_H
| # include <string.h>
| #endif
| #ifdef HAVE_INTTYPES_H
| # include <inttypes.h>
| #endif
| #ifdef HAVE_STDINT_H
| # include <stdint.h>
| #endif
| #ifdef HAVE_STRINGS_H
| # include <strings.h>
| #endif
| #ifdef HAVE_SYS_TYPES_H
| # include <sys/types.h>
| #endif
| #ifdef HAVE_SYS_STAT_H
| # include <sys/stat.h>
| #endif
| #ifdef HAVE_UNISTD_H
| # include <unistd.h>
| #endif
| int
| main (void)
| {
| if (sizeof ((size_t)))
| 	    return 0;
|   ;
|   return 0;
| }
configure:14684: result: yes
configure:14694: checking for uint16_t
configure:14694: gcc -c -g -O2 -fvisibility=hidden -Wall -Wwrite-strings -Wsign-compare -Wcast-align -Wextra -Wformat -Wformat-security -Wno-unused-parameter -fno-strict-aliasing -fdiagnostics-show-option -pedantic -std=c99 -D_GNU_SOURCE  -I/usr/include conftest.c >&5
configure:14694: $? = 0
configure:14694: result: yes
configure:14704: checking for uint32_t
configure:14704: gcc -c -g -O2 -fvisibility=hidden -Wall -Wwrite-strings -Wsign-compare -Wcast-align -Wextra -Wformat -Wformat-security -Wno-unused-parameter -fno-strict-aliasing -fdiagnostics-show-option -pedantic -std=c99 -D_GNU_SOURCE  -I/usr/include conftest.c >&5
configure:14704: $? = 0
configure:14704: result: yes
configure:14716: checking for uint64_t
configure:14716: gcc -c -g -O2 -fvisibility=hidden -Wall -Wwrite-strings -Wsign-compare -Wcast-align -Wextra -Wformat -Wformat-security -Wno-unused-parameter -fno-strict-aliasing -fdiagnostics-show-option -pedantic -std=c99 -D_GNU_SOURCE  -I/usr/include conftest.c >&5
configure:14716: $? = 0
configure:14716: result: yes
configure:14728: checking for uint8_t
configure:14728: gcc -c -g -O2 -fvisibility=hidden -Wall -Wwrite-strings -Wsign-compare -Wcast-align -Wextra -Wformat -Wformat-security -Wno-unused-parameter -fno-strict-aliasing -fdiagnostics-show-option -pedantic -std=c99 -D_GNU_SOURCE  -I/usr/include conftest.c >&5
configure:14728: $? = 0
configure:14728: result: yes
configure:14742: checking for GNU libc compatible malloc
configure:14774: gcc -o conftest -g -O2 -fvisibility=hidden -Wall -Wwrite-strings -Wsign-compare -Wcast-align -Wextra -Wformat -Wformat-security -Wno-unused-parameter -fno-strict-aliasing -fdiagnostics-show-option -pedantic -std=c99 -D_GNU_SOURCE  -I/usr/include  conftest.c  >&5
configure:14774: $? = 0
configure:14774: ./conftest
configure:14774: $? = 0
configure:14785: result: yes
configure:14812: checking for getpagesize
configure:14812: gcc -o conftest -g -O2 -fvisibility=hidden -Wall -Wwrite-strings -Wsign-compare -Wcast-align -Wextra -Wformat -Wformat-security -Wno-unused-parameter -fno-strict-aliasing -fdiagnostics-show-option -pedantic -std=c99 -D_GNU_SOURCE  -I/usr/include  conftest.c  >&5
configure:14812: $? = 0
configure:14812: result: yes
configure:14823: checking for working mmap
configure:14975: gcc -o conftest -g -O2 -fvisibility=hidden -Wall -Wwrite-strings -Wsign-compare -Wcast-align -Wextra -Wformat -Wformat-security -Wno-unused-parameter -fno-strict-aliasing -fdiagnostics-show-option -pedantic -std=c99 -D_GNU_SOURCE  -I/usr/include  conftest.c  >&5
configure:14975: $? = 0
configure:14975: ./conftest
configure:14975: $? = 0
configure:14986: result: yes
configure:14995: checking for gethostbyname
configure:14995: gcc -o conftest -g -O2 -fvisibility=hidden -Wall -Wwrite-strings -Wsign-compare -Wcast-align -Wextra -Wformat -Wformat-security -Wno-unused-parameter -fno-strict-aliasing -fdiagnostics-show-option -pedantic -std=c99 -D_GNU_SOURCE  -I/usr/include  conftest.c  >&5
configure:14995: $? = 0
configure:14995: result: yes
configure:15001: checking for getpagesize
configure:15001: result: yes
configure:15007: checking for memset
configure:15007: gcc -o conftest -g -O2 -fvisibility=hidden -Wall -Wwrite-strings -Wsign-compare -Wcast-align -Wextra -Wformat -Wformat-security -Wno-unused-parameter -fno-strict-aliasing -fdiagnostics-show-option -pedantic -std=c99 -D_GNU_SOURCE  -I/usr/include  conftest.c  >&5
conftest.c:66:6: warning: conflicting types for built-in function 'memset'; expected 'void *(void *, int,  long unsigned int)' [-Wbuiltin-declaration-mismatch]
   66 | char memset ();
      |      ^~~~~~
conftest.c:58:1: note: 'memset' is declared in header '<string.h>'
   57 | #include <limits.h>
   58 | #undef memset
configure:15007: $? = 0
configure:15007: result: yes
configure:15013: checking for munmap
configure:15013: gcc -o conftest -g -O2 -fvisibility=hidden -Wall -Wwrite-strings -Wsign-compare -Wcast-align -Wextra -Wformat -Wformat-security -Wno-unused-parameter -fno-strict-aliasing -fdiagnostics-show-option -pedantic -std=c99 -D_GNU_SOURCE  -I/usr/include  conftest.c  >&5
configure:15013: $? = 0
configure:15013: result: yes
configure:15019: checking for socket
configure:15019: gcc -o conftest -g -O2 -fvisibility=hidden -Wall -Wwrite-strings -Wsign-compare -Wcast-align -Wextra -Wformat -Wformat-security -Wno-unused-parameter -fno-strict-aliasing -fdiagnostics-show-option -pedantic -std=c99 -D_GNU_SOURCE  -I/usr/include  conftest.c  >&5
configure:15019: $? = 0
configure:15019: result: yes
configure:15025: checking for strchr
configure:15025: gcc -o conftest -g -O2 -fvisibility=hidden -Wall -Wwrite-strings -Wsign-compare -Wcast-align -Wextra -Wformat -Wformat-security -Wno-unused-parameter -fno-strict-aliasing -fdiagnostics-show-option -pedantic -std=c99 -D_GNU_SOURCE  -I/usr/include  conftest.c  >&5
conftest.c:69:6: warning: conflicting types for built-in function 'strchr'; expected 'char *(const char *, int)' [-Wbuiltin-declaration-mismatch]
   69 | char strchr ();
      |      ^~~~~~
conftest.c:61:1: note: 'strchr' is declared in header '<string.h>'
   60 | #include <limits.h>
   61 | #undef strchr
configure:15025: $? = 0
configure:15025: result: yes
configure:15031: checking for strcspn
configure:15031: gcc -o conftest -g -O2 -fvisibility=hidden -Wall -Wwrite-strings -Wsign-compare -Wcast-align -Wextra -Wformat -Wformat-security -Wno-unused-parameter -fno-strict-aliasing -fdiagnostics-show-option -pedantic -std=c99 -D_GNU_SOURCE  -I/usr/include  conftest.c  >&5
conftest.c:70:6: warning: conflicting types for built-in function 'strcspn'; expected 'long unsigned int(const char *, const char *)' [-Wbuiltin-declaration-mismatch]
   70 | char strcspn ();
      |      ^~~~~~~
conftest.c:62:1: note: 'strcspn' is declared in header '<string.h>'
   61 | #include <limits.h>
   62 | #undef strcspn
configure:15031: $? = 0
configure:15031: result: yes
configure:15037: checking for strdup
configure:15037: gcc -o conftest -g -O2 -fvisibility=hidden -Wall -Wwrite-strings -Wsign-compare -Wcast-align -Wextra -Wformat -Wformat-security -Wno-unused-parameter -fno-strict-aliasing -fdiagnostics-show-option -pedantic -std=c99 -D_GNU_SOURCE  -I/usr/include  conftest.c  >&5
configure:15037: $? = 0
configure:15037: result: yes
configure:15043: checking for strerror
configure:15043: gcc -o conftest -g -O2 -fvisibility=hidden -Wall -Wwrite-strings -Wsign-compare -Wcast-align -Wextra -Wformat -Wformat-security -Wno-unused-parameter -fno-strict-aliasing -fdiagnostics-show-option -pedantic -std=c99 -D_GNU_SOURCE  -I/usr/include  conftest.c  >&5
configure:15043: $? = 0
configure:15043: result: yes
configure:15049: checking for strrchr
configure:15049: gcc -o conftest -g -O2 -fvisibility=hidden -Wall -Wwrite-strings -Wsign-compare -Wcast-align -Wextra -Wformat -Wformat-security -Wno-unused-parameter -fno-strict-aliasing -fdiagnostics-show-option -pedantic -std=c99 -D_GNU_SOURCE  -I/usr/include  conftest.c  >&5
conftest.c:73:6: warning: conflicting types for built-in function 'strrchr'; expected 'char *(const char *, int)' [-Wbuiltin-declaration-mismatch]
   73 | char strrchr ();
      |      ^~~~~~~
conftest.c:65:1: note: 'strrchr' is declared in header '<string.h>'
   64 | #include <limits.h>
   65 | #undef strrchr
configure:15049: $? = 0
configure:15049: result: yes
configure:15055: checking for strstr
configure:15055: gcc -o conftest -g -O2 -fvisibility=hidden -Wall -Wwrite-strings -Wsign-compare -Wcast-align -Wextra -Wformat -Wformat-security -Wno-unused-parameter -fno-strict-aliasing -fdiagnostics-show-option -pedantic -std=c99 -D_GNU_SOURCE  -I/usr/include  conftest.c  >&5
conftest.c:74:6: warning: conflicting types for built-in function 'strstr'; expected 'char *(const char *, const char *)' [-Wbuiltin-declaration-mismatch]
   74 | char strstr ();
      |      ^~~~~~
conftest.c:66:1: note: 'strstr' is declared in header '<string.h>'
   65 | #include <limits.h>
   66 | #undef strstr
configure:15055: $? = 0
configure:15055: result: yes
configure:15061: checking for strtoul
configure:15061: gcc -o conftest -g -O2 -fvisibility=hidden -Wall -Wwrite-strings -Wsign-compare -Wcast-align -Wextra -Wformat -Wformat-security -Wno-unused-parameter -fno-strict-aliasing -fdiagnostics-show-option -pedantic -std=c99 -D_GNU_SOURCE  -I/usr/include  conftest.c  >&5
configure:15061: $? = 0
configure:15061: result: yes
configure:15178: checking that generated files are newer than configure
configure:15184: result: done
configure:15243: creating ./config.status

## ---------------------- ##
## Running config.status. ##
## ---------------------- ##

This file was extended by daq config.status 2.0.7, which was
generated by GNU Autoconf 2.71.  Invocation command line was

  CONFIG_FILES    = 
  CONFIG_HEADERS  = 
  CONFIG_LINKS    = 
  CONFIG_COMMANDS = 
  $ ./config.status 

on zxcv

config.status:1145: creating Makefile
config.status:1145: creating api/Makefile
config.status:1145: creating os-daq-modules/Makefile
config.status:1145: creating os-daq-modules/daq-modules-config
config.status:1145: creating sfbpf/Makefile
config.status:1145: creating config.h
config.status:1374: executing depfiles commands
config.status:1451: cd api       && sed -e '/# am--include-marker/d' Makefile         | make -f - am--depfiles
config.status:1456: $? = 0
config.status:1451: cd os-daq-modules       && sed -e '/# am--include-marker/d' Makefile         | make -f - am--depfiles
config.status:1456: $? = 0
config.status:1451: cd sfbpf       && sed -e '/# am--include-marker/d' Makefile         | make -f - am--depfiles
config.status:1456: $? = 0
config.status:1374: executing libtool commands

## ---------------- ##
## Cache variables. ##
## ---------------- ##

ac_cv_build=x86_64-pc-linux-gnu
ac_cv_c_compiler_gnu=yes
ac_cv_c_inline=inline
ac_cv_c_uint16_t=yes
ac_cv_c_uint32_t=yes
ac_cv_c_uint64_t=yes
ac_cv_c_uint8_t=yes
ac_cv_c_undeclared_builtin_options='none needed'
ac_cv_env_CC_set=
ac_cv_env_CC_value=
ac_cv_env_CFLAGS_set=
ac_cv_env_CFLAGS_value=
ac_cv_env_CPPFLAGS_set=
ac_cv_env_CPPFLAGS_value=
ac_cv_env_LDFLAGS_set=
ac_cv_env_LDFLAGS_value=
ac_cv_env_LIBS_set=
ac_cv_env_LIBS_value=
ac_cv_env_LT_SYS_LIBRARY_PATH_set=
ac_cv_env_LT_SYS_LIBRARY_PATH_value=
ac_cv_env_build_alias_set=
ac_cv_env_build_alias_value=
ac_cv_env_host_alias_set=
ac_cv_env_host_alias_value=
ac_cv_env_target_alias_set=
ac_cv_env_target_alias_value=
ac_cv_func_getaddrinfo=yes
ac_cv_func_gethostbyname=yes
ac_cv_func_getpagesize=yes
ac_cv_func_malloc_0_nonnull=yes
ac_cv_func_memset=yes
ac_cv_func_mmap_fixed_mapped=yes
ac_cv_func_munmap=yes
ac_cv_func_socket=yes
ac_cv_func_strchr=yes
ac_cv_func_strcspn=yes
ac_cv_func_strdup=yes
ac_cv_func_strerror=yes
ac_cv_func_strrchr=yes
ac_cv_func_strstr=yes
ac_cv_func_strtoul=yes
ac_cv_have_decl_NETMAP_API=no
ac_cv_have_decl_PACKET_TX_RING=yes
ac_cv_have_decl_TPACKET2_HDRLEN=yes
ac_cv_header_dlfcn_h=yes
ac_cv_header_inttypes_h=yes
ac_cv_header_libipq_h=no
ac_cv_header_libnetfilter_queue_libnetfilter_queue_h=no
ac_cv_header_linux_if_ether_h=yes
ac_cv_header_linux_if_packet_h=yes
ac_cv_header_linux_netfilter_h=yes
ac_cv_header_memory_h=yes
ac_cv_header_net_netmap_h=no
ac_cv_header_net_netmap_user_h=no
ac_cv_header_netdb_h=yes
ac_cv_header_netinet_in_h=yes
ac_cv_header_pcap_h=yes
ac_cv_header_stdint_h=yes
ac_cv_header_stdio_h=yes
ac_cv_header_stdlib_h=yes
ac_cv_header_string_h=yes
ac_cv_header_strings_h=yes
ac_cv_header_sys_ioctl_h=yes
ac_cv_header_sys_param_h=yes
ac_cv_header_sys_socket_h=yes
ac_cv_header_sys_stat_h=yes
ac_cv_header_sys_time_h=yes
ac_cv_header_sys_types_h=yes
ac_cv_header_unistd_h=yes
ac_cv_host=x86_64-pc-linux-gnu
ac_cv_lbl_flex_v24=yes
ac_cv_lib_dl_dlopen=yes
ac_cv_lib_pcap_pcap_lib_version=yes
ac_cv_objext=o
ac_cv_path_EGREP='/usr/bin/grep -E'
ac_cv_path_FGREP='/usr/bin/grep -F'
ac_cv_path_GREP=/usr/bin/grep
ac_cv_path_SED=/usr/bin/sed
ac_cv_path_install='/usr/bin/install -c'
ac_cv_path_lt_DD=/usr/bin/dd
ac_cv_path_mkdir=/usr/bin/mkdir
ac_cv_prog_AWK=mawk
ac_cv_prog_V_LEX=flex
ac_cv_prog_V_YACC=bison
ac_cv_prog_ac_ct_AR=ar
ac_cv_prog_ac_ct_CC=gcc
ac_cv_prog_ac_ct_MANIFEST_TOOL=mt
ac_cv_prog_ac_ct_OBJDUMP=objdump
ac_cv_prog_ac_ct_RANLIB=ranlib
ac_cv_prog_ac_ct_STRIP=strip
ac_cv_prog_cc_c11=
ac_cv_prog_cc_g=yes
ac_cv_prog_cc_stdc=
ac_cv_prog_make_make_set=yes
ac_cv_type_size_t=yes
am_cv_CC_dependencies_compiler_type=gcc3
am_cv_make_support_nested_variables=yes
am_cv_prog_cc_c_o=yes
ax_cv_cflags_gcc_option__Wall=-Wall
ax_cv_cflags_gcc_option__Wcast_align=-Wcast-align
ax_cv_cflags_gcc_option__Wextra=-Wextra
ax_cv_cflags_gcc_option__Wformat=-Wformat
ax_cv_cflags_gcc_option__Wformat_security=-Wformat-security
ax_cv_cflags_gcc_option__Wno_unused_parameter=-Wno-unused-parameter
ax_cv_cflags_gcc_option__Wsign_compare=-Wsign-compare
ax_cv_cflags_gcc_option__Wwrite_strings=-Wwrite-strings
ax_cv_cflags_gcc_option__fdiagnostics_show_option=-fdiagnostics-show-option
ax_cv_cflags_gcc_option__fno_strict_aliasing=-fno-strict-aliasing
ax_cv_cflags_gcc_option__pedantic__std_c99__D_GNU_SOURCE='-pedantic -std=c99 -D_GNU_SOURCE'
daq_cv_libpcap_version_1x=yes
gl_cv_cc_visibility=yes
lt_cv_ar_at_file=@
lt_cv_archive_cmds_need_lc=no
lt_cv_deplibs_check_method=pass_all
lt_cv_file_magic_cmd='$MAGIC_CMD'
lt_cv_file_magic_test_file=
lt_cv_ld_reload_flag=-r
lt_cv_nm_interface='BSD nm'
lt_cv_objdir=.libs
lt_cv_path_LD=/usr/bin/ld
lt_cv_path_NM='/usr/bin/nm -B'
lt_cv_path_mainfest_tool=no
lt_cv_prog_compiler_c_o=yes
lt_cv_prog_compiler_pic='-fPIC -DPIC'
lt_cv_prog_compiler_pic_works=yes
lt_cv_prog_compiler_rtti_exceptions=no
lt_cv_prog_compiler_static_works=yes
lt_cv_prog_gnu_ld=yes
lt_cv_sharedlib_from_linklib_cmd='printf %s\n'
lt_cv_shlibpath_overrides_runpath=yes
lt_cv_sys_global_symbol_pipe='sed -n -e '\''s/^.*[	 ]\([ABCDGIRSTW][ABCDGIRSTW]*\)[	 ][	 ]*\([_A-Za-z][_A-Za-z0-9]*\)$/\1 \2 \2/p'\'' | sed '\''/ __gnu_lto/d'\'''
lt_cv_sys_global_symbol_to_c_name_address='sed -n -e '\''s/^: \(.*\) .*$/  {"\1", (void *) 0},/p'\'' -e '\''s/^[ABCDGIRSTW][ABCDGIRSTW]* .* \(.*\)$/  {"\1", (void *) \&\1},/p'\'''
lt_cv_sys_global_symbol_to_c_name_address_lib_prefix='sed -n -e '\''s/^: \(.*\) .*$/  {"\1", (void *) 0},/p'\'' -e '\''s/^[ABCDGIRSTW][ABCDGIRSTW]* .* \(lib.*\)$/  {"\1", (void *) \&\1},/p'\'' -e '\''s/^[ABCDGIRSTW][ABCDGIRSTW]* .* \(.*\)$/  {"lib\1", (void *) \&\1},/p'\'''
lt_cv_sys_global_symbol_to_cdecl='sed -n -e '\''s/^T .* \(.*\)$/extern int \1();/p'\'' -e '\''s/^[ABCDGIRSTW][ABCDGIRSTW]* .* \(.*\)$/extern char \1;/p'\'''
lt_cv_sys_global_symbol_to_import=
lt_cv_sys_max_cmd_len=1572864
lt_cv_to_host_file_cmd=func_convert_file_noop
lt_cv_to_tool_file_cmd=func_convert_file_noop
lt_cv_truncate_bin='/usr/bin/dd bs=4096 count=1'

## ----------------- ##
## Output variables. ##
## ----------------- ##

ACLOCAL='${SHELL} '\''/home/zxcv/snort_src/daq-2.0.7/missing'\'' aclocal-1.16'
AMDEPBACKSLASH='\'
AMDEP_FALSE='#'
AMDEP_TRUE=''
AMTAR='$${TAR-tar}'
AM_BACKSLASH='\'
AM_DEFAULT_V='$(AM_DEFAULT_VERBOSITY)'
AM_DEFAULT_VERBOSITY='1'
AM_V='$(V)'
AR='ar'
AUTOCONF='${SHELL} '\''/home/zxcv/snort_src/daq-2.0.7/missing'\'' autoconf'
AUTOHEADER='${SHELL} '\''/home/zxcv/snort_src/daq-2.0.7/missing'\'' autoheader'
AUTOMAKE='${SHELL} '\''/home/zxcv/snort_src/daq-2.0.7/missing'\'' automake-1.16'
AWK='mawk'
BUILD_AFPACKET_MODULE_FALSE='#'
BUILD_AFPACKET_MODULE_TRUE=''
BUILD_DUMP_MODULE_FALSE='#'
BUILD_DUMP_MODULE_TRUE=''
BUILD_IPFW_MODULE_FALSE='#'
BUILD_IPFW_MODULE_TRUE=''
BUILD_IPQ_MODULE_FALSE=''
BUILD_IPQ_MODULE_TRUE='#'
BUILD_MODULES_FALSE='#'
BUILD_MODULES_TRUE=''
BUILD_NETMAP_MODULE_FALSE=''
BUILD_NETMAP_MODULE_TRUE='#'
BUILD_NFQ_MODULE_FALSE=''
BUILD_NFQ_MODULE_TRUE='#'
BUILD_PCAP_MODULE_FALSE='#'
BUILD_PCAP_MODULE_TRUE=''
BUILD_SHARED_MODULES_FALSE='#'
BUILD_SHARED_MODULES_TRUE=''
CC='gcc'
CCDEPMODE='depmode=gcc3'
CFLAGS='-g -O2 -fvisibility=hidden -Wall -Wwrite-strings -Wsign-compare -Wcast-align -Wextra -Wformat -Wformat-security -Wno-unused-parameter -fno-strict-aliasing -fdiagnostics-show-option -pedantic -std=c99 -D_GNU_SOURCE'
CPPFLAGS=' -I/usr/include'
CSCOPE='cscope'
CTAGS='ctags'
CYGPATH_W='echo'
DEFS='-DHAVE_CONFIG_H'
DEPDIR='.deps'
DLLTOOL='false'
DNET_LDFLAGS='-ldumbnet'
DSYMUTIL=''
DUMPBIN=''
ECHO_C=''
ECHO_N='-n'
ECHO_T=''
EGREP='/usr/bin/grep -E'
ETAGS='etags'
EXEEXT=''
FGREP='/usr/bin/grep -F'
GREP='/usr/bin/grep'
INSTALL_DATA='${INSTALL} -m 644'
INSTALL_PROGRAM='${INSTALL}'
INSTALL_SCRIPT='${INSTALL}'
INSTALL_STRIP_PROGRAM='$(install_sh) -c -s'
LD='/usr/bin/ld -m elf_x86_64'
LDFLAGS=''
LIBDL='-ldl'
LIBOBJS=''
LIBS=''
LIBTOOL='$(SHELL) $(top_builddir)/libtool'
LIPO=''
LN_S='ln -s'
LTLIBOBJS=''
LT_SYS_LIBRARY_PATH=''
MAKEINFO='${SHELL} '\''/home/zxcv/snort_src/daq-2.0.7/missing'\'' makeinfo'
MANIFEST_TOOL=':'
MKDIR_P='/usr/bin/mkdir -p'
NM='/usr/bin/nm -B'
NMEDIT=''
OBJDUMP='objdump'
OBJEXT='o'
OTOOL64=''
OTOOL=''
PACKAGE='daq'
PACKAGE_BUGREPORT='snort-team@sourcefire.com'
PACKAGE_NAME='daq'
PACKAGE_STRING='daq 2.0.7'
PACKAGE_TARNAME='daq'
PACKAGE_URL=''
PACKAGE_VERSION='2.0.7'
PATH_SEPARATOR=':'
RANLIB='ranlib'
SED='/usr/bin/sed'
SET_MAKE=''
SHELL='/bin/bash'
STATIC_LIBS=' -lsfbpf -lpcap -lsfbpf -lpcap'
STRIP='strip'
VERSION='2.0.7'
V_LEX='flex -Psfbpf_'
V_YACC='bison -y -p sfbpf_'
XCCFLAGS=''
ac_ct_AR='ar'
ac_ct_CC='gcc'
ac_ct_DUMPBIN=''
am__EXEEXT_FALSE=''
am__EXEEXT_TRUE='#'
am__fastdepCC_FALSE='#'
am__fastdepCC_TRUE=''
am__include='include'
am__isrc=''
am__leading_dot='.'
am__nodep='_no'
am__quote=''
am__tar='$${TAR-tar} chof - "$$tardir"'
am__untar='$${TAR-tar} xf -'
bindir='${exec_prefix}/bin'
build='x86_64-pc-linux-gnu'
build_alias=''
build_cpu='x86_64'
build_os='linux-gnu'
build_vendor='pc'
datadir='${datarootdir}'
datarootdir='${prefix}/share'
docdir='${datarootdir}/doc/${PACKAGE_TARNAME}'
dvidir='${docdir}'
exec_prefix='${prefix}'
host='x86_64-pc-linux-gnu'
host_alias=''
host_cpu='x86_64'
host_os='linux-gnu'
host_vendor='pc'
htmldir='${docdir}'
includedir='${prefix}/include'
infodir='${datarootdir}/info'
install_sh='${SHELL} /home/zxcv/snort_src/daq-2.0.7/install-sh'
libdir='${exec_prefix}/lib'
libexecdir='${exec_prefix}/libexec'
localedir='${datarootdir}/locale'
localstatedir='${prefix}/var'
mandir='${datarootdir}/man'
mkdir_p='$(MKDIR_P)'
oldincludedir='/usr/include'
pdfdir='${docdir}'
prefix='/usr/local'
program_transform_name='s,x,x,'
psdir='${docdir}'
runstatedir='${localstatedir}/run'
sbindir='${exec_prefix}/sbin'
sharedstatedir='${prefix}/com'
sysconfdir='${prefix}/etc'
target_alias=''

## ----------- ##
## confdefs.h. ##
## ----------- ##

/* confdefs.h */
#define PACKAGE_NAME "daq"
#define PACKAGE_TARNAME "daq"
#define PACKAGE_VERSION "2.0.7"
#define PACKAGE_STRING "daq 2.0.7"
#define PACKAGE_BUGREPORT "snort-team@sourcefire.com"
#define PACKAGE_URL ""
#define PACKAGE "daq"
#define VERSION "2.0.7"
#define HAVE_STDIO_H 1
#define HAVE_STDLIB_H 1
#define HAVE_STRING_H 1
#define HAVE_INTTYPES_H 1
#define HAVE_STDINT_H 1
#define HAVE_STRINGS_H 1
#define HAVE_SYS_STAT_H 1
#define HAVE_SYS_TYPES_H 1
#define HAVE_UNISTD_H 1
#define HAVE_SYS_PARAM_H 1
#define STDC_HEADERS 1
#define HAVE_DLFCN_H 1
#define LT_OBJDIR ".libs/"
#define HAVE_VISIBILITY 1
#define INET6 1
#define HAVE_LINUX_IF_ETHER_H 1
#define HAVE_LINUX_IF_PACKET_H 1
#define HAVE_DECL_TPACKET2_HDRLEN 1
#define HAVE_DECL_PACKET_TX_RING 1
#define HAVE_LIBPCAP 1
#define HAVE_NETINET_IN_H 1
#define HAVE_NETINET_IN_H 1
#define HAVE_INTTYPES_H 1
#define HAVE_MEMORY_H 1
#define HAVE_NETDB_H 1
#define HAVE_NETINET_IN_H 1
#define HAVE_STDINT_H 1
#define HAVE_STDLIB_H 1
#define HAVE_STRING_H 1
#define HAVE_SYS_IOCTL_H 1
#define HAVE_SYS_PARAM_H 1
#define HAVE_SYS_SOCKET_H 1
#define HAVE_SYS_TIME_H 1
#define HAVE_UNISTD_H 1
#define HAVE_MALLOC 1
#define HAVE_GETPAGESIZE 1
#define HAVE_MMAP 1
#define HAVE_GETHOSTBYNAME 1
#define HAVE_GETPAGESIZE 1
#define HAVE_MEMSET 1
#define HAVE_MUNMAP 1
#define HAVE_SOCKET 1
#define HAVE_STRCHR 1
#define HAVE_STRCSPN 1
#define HAVE_STRDUP 1
#define HAVE_STRERROR 1
#define HAVE_STRRCHR 1
#define HAVE_STRSTR 1
#define HAVE_STRTOUL 1

configure: exit 0
